{"C:\\Users\\HelenHen\\Documents\\Tarkvaraprojekt\\src\\components\\card\\CompanyCard.js":{"path":"C:\\Users\\HelenHen\\Documents\\Tarkvaraprojekt\\src\\components\\card\\CompanyCard.js","statementMap":{"0":{"start":{"line":3,"column":0},"end":{"line":5,"column":3}},"1":{"start":{"line":7,"column":19},"end":{"line":7,"column":563}},"2":{"start":{"line":7,"column":76},"end":{"line":7,"column":347}},"3":{"start":{"line":7,"column":134},"end":{"line":7,"column":142}},"4":{"start":{"line":7,"column":144},"end":{"line":7,"column":199}},"5":{"start":{"line":7,"column":200},"end":{"line":7,"column":231}},"6":{"start":{"line":7,"column":232},"end":{"line":7,"column":286}},"7":{"start":{"line":7,"column":259},"end":{"line":7,"column":286}},"8":{"start":{"line":7,"column":287},"end":{"line":7,"column":345}},"9":{"start":{"line":7,"column":350},"end":{"line":7,"column":559}},"10":{"start":{"line":7,"column":407},"end":{"line":7,"column":475}},"11":{"start":{"line":7,"column":423},"end":{"line":7,"column":475}},"12":{"start":{"line":7,"column":476},"end":{"line":7,"column":536}},"13":{"start":{"line":7,"column":493},"end":{"line":7,"column":536}},"14":{"start":{"line":7,"column":537},"end":{"line":7,"column":556}},"15":{"start":{"line":9,"column":13},"end":{"line":9,"column":29}},"16":{"start":{"line":11,"column":14},"end":{"line":11,"column":44}},"17":{"start":{"line":13,"column":17},"end":{"line":13,"column":38}},"18":{"start":{"line":15,"column":18},"end":{"line":15,"column":52}},"19":{"start":{"line":17,"column":22},"end":{"line":17,"column":48}},"20":{"start":{"line":19,"column":12},"end":{"line":19,"column":37}},"21":{"start":{"line":21,"column":13},"end":{"line":21,"column":42}},"22":{"start":{"line":23,"column":22},"end":{"line":23,"column":69}},"23":{"start":{"line":25,"column":23},"end":{"line":25,"column":62}},"24":{"start":{"line":27,"column":39},"end":{"line":27,"column":93}},"25":{"start":{"line":29,"column":50},"end":{"line":29,"column":151}},"26":{"start":{"line":29,"column":92},"end":{"line":29,"column":149}},"27":{"start":{"line":31,"column":50},"end":{"line":31,"column":151}},"28":{"start":{"line":31,"column":63},"end":{"line":31,"column":149}},"29":{"start":{"line":31,"column":152},"end":{"line":31,"column":238}},"30":{"start":{"line":33,"column":43},"end":{"line":33,"column":208}},"31":{"start":{"line":33,"column":106},"end":{"line":33,"column":206}},"32":{"start":{"line":33,"column":209},"end":{"line":33,"column":373}},"33":{"start":{"line":33,"column":374},"end":{"line":33,"column":492}},"34":{"start":{"line":33,"column":390},"end":{"line":33,"column":492}},"35":{"start":{"line":35,"column":18},"end":{"line":374,"column":28}},"36":{"start":{"line":36,"column":2},"end":{"line":36,"column":43}},"37":{"start":{"line":39,"column":4},"end":{"line":39,"column":39}},"38":{"start":{"line":41,"column":16},"end":{"line":41,"column":129}},"39":{"start":{"line":43,"column":4},"end":{"line":45,"column":6}},"40":{"start":{"line":46,"column":4},"end":{"line":46,"column":42}},"41":{"start":{"line":47,"column":4},"end":{"line":47,"column":17}},"42":{"start":{"line":50,"column":2},"end":{"line":371,"column":6}},"43":{"start":{"line":53,"column":6},"end":{"line":53,"column":24}},"44":{"start":{"line":58,"column":6},"end":{"line":58,"column":42}},"45":{"start":{"line":63,"column":6},"end":{"line":63,"column":41}},"46":{"start":{"line":68,"column":6},"end":{"line":68,"column":28}},"47":{"start":{"line":68,"column":18},"end":{"line":68,"column":28}},"48":{"start":{"line":69,"column":18},"end":{"line":69,"column":20}},"49":{"start":{"line":70,"column":6},"end":{"line":72,"column":9}},"50":{"start":{"line":71,"column":8},"end":{"line":71,"column":40}},"51":{"start":{"line":73,"column":6},"end":{"line":73,"column":33}},"52":{"start":{"line":78,"column":19},"end":{"line":78,"column":23}},"53":{"start":{"line":80,"column":6},"end":{"line":326,"column":8}},"54":{"start":{"line":285,"column":16},"end":{"line":310,"column":18}},"55":{"start":{"line":321,"column":16},"end":{"line":321,"column":39}},"56":{"start":{"line":331,"column":19},"end":{"line":331,"column":23}},"57":{"start":{"line":333,"column":6},"end":{"line":369,"column":8}},"58":{"start":{"line":336,"column":12},"end":{"line":336,"column":33}},"59":{"start":{"line":373,"column":2},"end":{"line":373,"column":21}},"60":{"start":{"line":376,"column":0},"end":{"line":378,"column":2}},"61":{"start":{"line":380,"column":0},"end":{"line":380,"column":30}}},"fnMap":{"0":{"name":"(anonymous_0)","decl":{"start":{"line":7,"column":19},"end":{"line":7,"column":20}},"loc":{"start":{"line":7,"column":31},"end":{"line":7,"column":561}},"line":7},"1":{"name":"defineProperties","decl":{"start":{"line":7,"column":42},"end":{"line":7,"column":58}},"loc":{"start":{"line":7,"column":74},"end":{"line":7,"column":349}},"line":7},"2":{"name":"(anonymous_2)","decl":{"start":{"line":7,"column":357},"end":{"line":7,"column":358}},"loc":{"start":{"line":7,"column":405},"end":{"line":7,"column":558}},"line":7},"3":{"name":"_interopRequireDefault","decl":{"start":{"line":27,"column":9},"end":{"line":27,"column":31}},"loc":{"start":{"line":27,"column":37},"end":{"line":27,"column":95}},"line":27},"4":{"name":"_classCallCheck","decl":{"start":{"line":29,"column":9},"end":{"line":29,"column":24}},"loc":{"start":{"line":29,"column":48},"end":{"line":29,"column":153}},"line":29},"5":{"name":"_possibleConstructorReturn","decl":{"start":{"line":31,"column":9},"end":{"line":31,"column":35}},"loc":{"start":{"line":31,"column":48},"end":{"line":31,"column":240}},"line":31},"6":{"name":"_inherits","decl":{"start":{"line":33,"column":9},"end":{"line":33,"column":18}},"loc":{"start":{"line":33,"column":41},"end":{"line":33,"column":494}},"line":33},"7":{"name":"(anonymous_7)","decl":{"start":{"line":35,"column":18},"end":{"line":35,"column":19}},"loc":{"start":{"line":35,"column":46},"end":{"line":374,"column":1}},"line":35},"8":{"name":"CompanyCard","decl":{"start":{"line":38,"column":11},"end":{"line":38,"column":22}},"loc":{"start":{"line":38,"column":30},"end":{"line":48,"column":3}},"line":38},"9":{"name":"cardClick","decl":{"start":{"line":52,"column":20},"end":{"line":52,"column":29}},"loc":{"start":{"line":52,"column":36},"end":{"line":54,"column":5}},"line":52},"10":{"name":"close","decl":{"start":{"line":57,"column":20},"end":{"line":57,"column":25}},"loc":{"start":{"line":57,"column":28},"end":{"line":59,"column":5}},"line":57},"11":{"name":"open","decl":{"start":{"line":62,"column":20},"end":{"line":62,"column":24}},"loc":{"start":{"line":62,"column":27},"end":{"line":64,"column":5}},"line":62},"12":{"name":"joinList","decl":{"start":{"line":67,"column":20},"end":{"line":67,"column":28}},"loc":{"start":{"line":67,"column":36},"end":{"line":74,"column":5}},"line":67},"13":{"name":"(anonymous_13)","decl":{"start":{"line":70,"column":16},"end":{"line":70,"column":17}},"loc":{"start":{"line":70,"column":35},"end":{"line":72,"column":7}},"line":70},"14":{"name":"renderModal","decl":{"start":{"line":77,"column":20},"end":{"line":77,"column":31}},"loc":{"start":{"line":77,"column":34},"end":{"line":327,"column":5}},"line":77},"15":{"name":"(anonymous_15)","decl":{"start":{"line":284,"column":78},"end":{"line":284,"column":79}},"loc":{"start":{"line":284,"column":98},"end":{"line":311,"column":15}},"line":284},"16":{"name":"onClick","decl":{"start":{"line":320,"column":56},"end":{"line":320,"column":63}},"loc":{"start":{"line":320,"column":67},"end":{"line":322,"column":15}},"line":320},"17":{"name":"render","decl":{"start":{"line":330,"column":20},"end":{"line":330,"column":26}},"loc":{"start":{"line":330,"column":29},"end":{"line":370,"column":5}},"line":330},"18":{"name":"onClick","decl":{"start":{"line":335,"column":28},"end":{"line":335,"column":35}},"loc":{"start":{"line":335,"column":39},"end":{"line":337,"column":11}},"line":335}},"branchMap":{"0":{"loc":{"start":{"line":7,"column":168},"end":{"line":7,"column":198}},"type":"binary-expr","locations":[{"start":{"line":7,"column":168},"end":{"line":7,"column":189}},{"start":{"line":7,"column":193},"end":{"line":7,"column":198}}],"line":7},"1":{"loc":{"start":{"line":7,"column":232},"end":{"line":7,"column":286}},"type":"if","locations":[{"start":{"line":7,"column":232},"end":{"line":7,"column":286}},{"start":{"line":7,"column":232},"end":{"line":7,"column":286}}],"line":7},"2":{"loc":{"start":{"line":7,"column":407},"end":{"line":7,"column":475}},"type":"if","locations":[{"start":{"line":7,"column":407},"end":{"line":7,"column":475}},{"start":{"line":7,"column":407},"end":{"line":7,"column":475}}],"line":7},"3":{"loc":{"start":{"line":7,"column":476},"end":{"line":7,"column":536}},"type":"if","locations":[{"start":{"line":7,"column":476},"end":{"line":7,"column":536}},{"start":{"line":7,"column":476},"end":{"line":7,"column":536}}],"line":7},"4":{"loc":{"start":{"line":27,"column":46},"end":{"line":27,"column":92}},"type":"cond-expr","locations":[{"start":{"line":27,"column":70},"end":{"line":27,"column":73}},{"start":{"line":27,"column":76},"end":{"line":27,"column":92}}],"line":27},"5":{"loc":{"start":{"line":27,"column":46},"end":{"line":27,"column":67}},"type":"binary-expr","locations":[{"start":{"line":27,"column":46},"end":{"line":27,"column":49}},{"start":{"line":27,"column":53},"end":{"line":27,"column":67}}],"line":27},"6":{"loc":{"start":{"line":29,"column":50},"end":{"line":29,"column":151}},"type":"if","locations":[{"start":{"line":29,"column":50},"end":{"line":29,"column":151}},{"start":{"line":29,"column":50},"end":{"line":29,"column":151}}],"line":29},"7":{"loc":{"start":{"line":31,"column":50},"end":{"line":31,"column":151}},"type":"if","locations":[{"start":{"line":31,"column":50},"end":{"line":31,"column":151}},{"start":{"line":31,"column":50},"end":{"line":31,"column":151}}],"line":31},"8":{"loc":{"start":{"line":31,"column":159},"end":{"line":31,"column":237}},"type":"cond-expr","locations":[{"start":{"line":31,"column":226},"end":{"line":31,"column":230}},{"start":{"line":31,"column":233},"end":{"line":31,"column":237}}],"line":31},"9":{"loc":{"start":{"line":31,"column":159},"end":{"line":31,"column":223}},"type":"binary-expr","locations":[{"start":{"line":31,"column":159},"end":{"line":31,"column":163}},{"start":{"line":31,"column":168},"end":{"line":31,"column":192}},{"start":{"line":31,"column":196},"end":{"line":31,"column":222}}],"line":31},"10":{"loc":{"start":{"line":33,"column":43},"end":{"line":33,"column":208}},"type":"if","locations":[{"start":{"line":33,"column":43},"end":{"line":33,"column":208}},{"start":{"line":33,"column":43},"end":{"line":33,"column":208}}],"line":33},"11":{"loc":{"start":{"line":33,"column":47},"end":{"line":33,"column":102}},"type":"binary-expr","locations":[{"start":{"line":33,"column":47},"end":{"line":33,"column":79}},{"start":{"line":33,"column":83},"end":{"line":33,"column":102}}],"line":33},"12":{"loc":{"start":{"line":33,"column":244},"end":{"line":33,"column":278}},"type":"binary-expr","locations":[{"start":{"line":33,"column":244},"end":{"line":33,"column":254}},{"start":{"line":33,"column":258},"end":{"line":33,"column":278}}],"line":33},"13":{"loc":{"start":{"line":33,"column":374},"end":{"line":33,"column":492}},"type":"if","locations":[{"start":{"line":33,"column":374},"end":{"line":33,"column":492}},{"start":{"line":33,"column":374},"end":{"line":33,"column":492}}],"line":33},"14":{"loc":{"start":{"line":33,"column":390},"end":{"line":33,"column":491}},"type":"cond-expr","locations":[{"start":{"line":33,"column":414},"end":{"line":33,"column":457}},{"start":{"line":33,"column":460},"end":{"line":33,"column":491}}],"line":33},"15":{"loc":{"start":{"line":41,"column":50},"end":{"line":41,"column":109}},"type":"binary-expr","locations":[{"start":{"line":41,"column":50},"end":{"line":41,"column":71}},{"start":{"line":41,"column":75},"end":{"line":41,"column":109}}],"line":41},"16":{"loc":{"start":{"line":68,"column":6},"end":{"line":68,"column":28}},"type":"if","locations":[{"start":{"line":68,"column":6},"end":{"line":68,"column":28}},{"start":{"line":68,"column":6},"end":{"line":68,"column":28}}],"line":68},"17":{"loc":{"start":{"line":123,"column":22},"end":{"line":123,"column":90}},"type":"cond-expr","locations":[{"start":{"line":123,"column":48},"end":{"line":123,"column":85}},{"start":{"line":123,"column":88},"end":{"line":123,"column":90}}],"line":123},"18":{"loc":{"start":{"line":193,"column":20},"end":{"line":193,"column":118}},"type":"cond-expr","locations":[{"start":{"line":193,"column":49},"end":{"line":193,"column":106}},{"start":{"line":193,"column":109},"end":{"line":193,"column":118}}],"line":193},"19":{"loc":{"start":{"line":219,"column":20},"end":{"line":219,"column":91}},"type":"cond-expr","locations":[{"start":{"line":219,"column":51},"end":{"line":219,"column":79}},{"start":{"line":219,"column":82},"end":{"line":219,"column":91}}],"line":219},"20":{"loc":{"start":{"line":245,"column":20},"end":{"line":245,"column":107}},"type":"cond-expr","locations":[{"start":{"line":245,"column":51},"end":{"line":245,"column":95}},{"start":{"line":245,"column":98},"end":{"line":245,"column":107}}],"line":245},"21":{"loc":{"start":{"line":284,"column":14},"end":{"line":311,"column":21}},"type":"cond-expr","locations":[{"start":{"line":284,"column":45},"end":{"line":311,"column":16}},{"start":{"line":311,"column":19},"end":{"line":311,"column":21}}],"line":284},"22":{"loc":{"start":{"line":360,"column":12},"end":{"line":360,"column":104}},"type":"cond-expr","locations":[{"start":{"line":360,"column":41},"end":{"line":360,"column":98}},{"start":{"line":360,"column":101},"end":{"line":360,"column":104}}],"line":360}},"s":{"0":1,"1":1,"2":1,"3":6,"4":6,"5":6,"6":6,"7":6,"8":6,"9":1,"10":1,"11":1,"12":1,"13":0,"14":1,"15":1,"16":1,"17":1,"18":1,"19":1,"20":1,"21":1,"22":1,"23":1,"24":4,"25":5,"26":0,"27":5,"28":0,"29":5,"30":1,"31":0,"32":1,"33":1,"34":1,"35":1,"36":1,"37":5,"38":5,"39":5,"40":5,"41":5,"42":1,"43":0,"44":2,"45":2,"46":13,"47":13,"48":0,"49":0,"50":0,"51":0,"52":13,"53":13,"54":0,"55":1,"56":13,"57":13,"58":1,"59":1,"60":1,"61":1},"f":{"0":1,"1":1,"2":1,"3":4,"4":5,"5":5,"6":1,"7":1,"8":5,"9":0,"10":2,"11":2,"12":13,"13":0,"14":13,"15":0,"16":1,"17":13,"18":1},"b":{"0":[6,6],"1":[6,0],"2":[1,0],"3":[0,1],"4":[2,2],"5":[4,4],"6":[0,5],"7":[0,5],"8":[0,5],"9":[5,0,0],"10":[0,1],"11":[1,0],"12":[1,1],"13":[1,0],"14":[1,0],"15":[5,0],"16":[13,0],"17":[7,6],"18":[0,13],"19":[7,6],"20":[7,6],"21":[0,13],"22":[0,13]},"_coverageSchema":"332fd63041d2c1bcb487cc26dd0d5f7d97098a6c","hash":"38bd7e1d5ce6a6b18e87b8b55798afb990e3503d","contentHash":"b47728686fe29f33a38ff5f4811a41b2_11.3.0"},"C:\\Users\\HelenHen\\Documents\\Tarkvaraprojekt\\src\\components\\shared\\Logo.js":{"path":"C:\\Users\\HelenHen\\Documents\\Tarkvaraprojekt\\src\\components\\shared\\Logo.js","statementMap":{"0":{"start":{"line":3,"column":0},"end":{"line":5,"column":3}},"1":{"start":{"line":7,"column":13},"end":{"line":7,"column":29}},"2":{"start":{"line":9,"column":14},"end":{"line":9,"column":44}},"3":{"start":{"line":11,"column":17},"end":{"line":11,"column":38}},"4":{"start":{"line":13,"column":18},"end":{"line":13,"column":52}},"5":{"start":{"line":15,"column":39},"end":{"line":15,"column":93}},"6":{"start":{"line":17,"column":11},"end":{"line":30,"column":1}},"7":{"start":{"line":19,"column":4},"end":{"line":28,"column":5}},"8":{"start":{"line":20,"column":6},"end":{"line":21,"column":23}},"9":{"start":{"line":23,"column":6},"end":{"line":27,"column":7}},"10":{"start":{"line":24,"column":8},"end":{"line":24,"column":101}},"11":{"start":{"line":26,"column":8},"end":{"line":26,"column":102}},"12":{"start":{"line":32,"column":0},"end":{"line":35,"column":2}},"13":{"start":{"line":37,"column":0},"end":{"line":37,"column":23}}},"fnMap":{"0":{"name":"_interopRequireDefault","decl":{"start":{"line":15,"column":9},"end":{"line":15,"column":31}},"loc":{"start":{"line":15,"column":37},"end":{"line":15,"column":95}},"line":15},"1":{"name":"Logo","decl":{"start":{"line":17,"column":20},"end":{"line":17,"column":24}},"loc":{"start":{"line":17,"column":32},"end":{"line":30,"column":1}},"line":17}},"branchMap":{"0":{"loc":{"start":{"line":15,"column":46},"end":{"line":15,"column":92}},"type":"cond-expr","locations":[{"start":{"line":15,"column":70},"end":{"line":15,"column":73}},{"start":{"line":15,"column":76},"end":{"line":15,"column":92}}],"line":15},"1":{"loc":{"start":{"line":15,"column":46},"end":{"line":15,"column":67}},"type":"binary-expr","locations":[{"start":{"line":15,"column":46},"end":{"line":15,"column":49}},{"start":{"line":15,"column":53},"end":{"line":15,"column":67}}],"line":15},"2":{"loc":{"start":{"line":19,"column":4},"end":{"line":28,"column":5}},"type":"if","locations":[{"start":{"line":19,"column":4},"end":{"line":28,"column":5}},{"start":{"line":19,"column":4},"end":{"line":28,"column":5}}],"line":19},"3":{"loc":{"start":{"line":23,"column":6},"end":{"line":27,"column":7}},"type":"if","locations":[{"start":{"line":23,"column":6},"end":{"line":27,"column":7}},{"start":{"line":23,"column":6},"end":{"line":27,"column":7}}],"line":23}},"s":{"0":1,"1":1,"2":1,"3":1,"4":1,"5":2,"6":1,"7":3,"8":1,"9":2,"10":1,"11":1,"12":1,"13":1},"f":{"0":2,"1":3},"b":{"0":[0,2],"1":[2,2],"2":[1,2],"3":[1,1]},"_coverageSchema":"332fd63041d2c1bcb487cc26dd0d5f7d97098a6c","hash":"4ef419a08c260312ff63b7c86360f998c76a8e0c","contentHash":"7709beeba5133f178a91422fa81445ed_11.3.0"},"C:\\Users\\HelenHen\\Documents\\Tarkvaraprojekt\\src\\containers\\util\\OtherFunctions.js":{"path":"C:\\Users\\HelenHen\\Documents\\Tarkvaraprojekt\\src\\containers\\util\\OtherFunctions.js","statementMap":{"0":{"start":{"line":3,"column":0},"end":{"line":5,"column":3}},"1":{"start":{"line":6,"column":19},"end":{"line":13,"column":1}},"2":{"start":{"line":7,"column":2},"end":{"line":7,"column":21}},"3":{"start":{"line":7,"column":14},"end":{"line":7,"column":21}},"4":{"start":{"line":8,"column":14},"end":{"line":8,"column":16}},"5":{"start":{"line":9,"column":2},"end":{"line":9,"column":41}},"6":{"start":{"line":9,"column":28},"end":{"line":9,"column":41}},"7":{"start":{"line":10,"column":2},"end":{"line":10,"column":58}},"8":{"start":{"line":10,"column":45},"end":{"line":10,"column":58}},"9":{"start":{"line":11,"column":12},"end":{"line":11,"column":43}},"10":{"start":{"line":12,"column":2},"end":{"line":12,"column":41}},"11":{"start":{"line":15,"column":0},"end":{"line":15,"column":31}}},"fnMap":{"0":{"name":"getSubstring","decl":{"start":{"line":6,"column":51},"end":{"line":6,"column":63}},"loc":{"start":{"line":6,"column":71},"end":{"line":13,"column":1}},"line":6}},"branchMap":{"0":{"loc":{"start":{"line":7,"column":2},"end":{"line":7,"column":21}},"type":"if","locations":[{"start":{"line":7,"column":2},"end":{"line":7,"column":21}},{"start":{"line":7,"column":2},"end":{"line":7,"column":21}}],"line":7},"1":{"loc":{"start":{"line":9,"column":2},"end":{"line":9,"column":41}},"type":"if","locations":[{"start":{"line":9,"column":2},"end":{"line":9,"column":41}},{"start":{"line":9,"column":2},"end":{"line":9,"column":41}}],"line":9},"2":{"loc":{"start":{"line":10,"column":2},"end":{"line":10,"column":58}},"type":"if","locations":[{"start":{"line":10,"column":2},"end":{"line":10,"column":58}},{"start":{"line":10,"column":2},"end":{"line":10,"column":58}}],"line":10}},"s":{"0":1,"1":1,"2":16,"3":6,"4":10,"5":10,"6":1,"7":9,"8":1,"9":8,"10":8,"11":1},"f":{"0":16},"b":{"0":[6,10],"1":[1,9],"2":[1,8]},"_coverageSchema":"332fd63041d2c1bcb487cc26dd0d5f7d97098a6c","hash":"27ea5c0c28ab504f2f7d60eade2c0562f467e8ea","contentHash":"1476e67efa73c50a458ab607c2d08f89_11.3.0"},"C:\\Users\\HelenHen\\Documents\\Tarkvaraprojekt\\src\\components\\table\\Buttons.js":{"path":"C:\\Users\\HelenHen\\Documents\\Tarkvaraprojekt\\src\\components\\table\\Buttons.js","statementMap":{"0":{"start":{"line":3,"column":0},"end":{"line":5,"column":3}},"1":{"start":{"line":7,"column":13},"end":{"line":7,"column":29}},"2":{"start":{"line":9,"column":14},"end":{"line":9,"column":44}},"3":{"start":{"line":11,"column":17},"end":{"line":11,"column":38}},"4":{"start":{"line":13,"column":18},"end":{"line":13,"column":52}},"5":{"start":{"line":15,"column":39},"end":{"line":15,"column":93}},"6":{"start":{"line":17,"column":14},"end":{"line":50,"column":1}},"7":{"start":{"line":19,"column":4},"end":{"line":48,"column":5}},"8":{"start":{"line":20,"column":6},"end":{"line":37,"column":8}},"9":{"start":{"line":26,"column":14},"end":{"line":26,"column":39}},"10":{"start":{"line":33,"column":14},"end":{"line":33,"column":38}},"11":{"start":{"line":39,"column":6},"end":{"line":47,"column":8}},"12":{"start":{"line":52,"column":0},"end":{"line":57,"column":2}},"13":{"start":{"line":59,"column":0},"end":{"line":59,"column":26}}},"fnMap":{"0":{"name":"_interopRequireDefault","decl":{"start":{"line":15,"column":9},"end":{"line":15,"column":31}},"loc":{"start":{"line":15,"column":37},"end":{"line":15,"column":95}},"line":15},"1":{"name":"Buttons","decl":{"start":{"line":17,"column":23},"end":{"line":17,"column":30}},"loc":{"start":{"line":17,"column":38},"end":{"line":50,"column":1}},"line":17},"2":{"name":"onClick","decl":{"start":{"line":25,"column":69},"end":{"line":25,"column":76}},"loc":{"start":{"line":25,"column":80},"end":{"line":27,"column":13}},"line":25},"3":{"name":"onClick","decl":{"start":{"line":32,"column":68},"end":{"line":32,"column":75}},"loc":{"start":{"line":32,"column":79},"end":{"line":34,"column":13}},"line":32}},"branchMap":{"0":{"loc":{"start":{"line":15,"column":46},"end":{"line":15,"column":92}},"type":"cond-expr","locations":[{"start":{"line":15,"column":70},"end":{"line":15,"column":73}},{"start":{"line":15,"column":76},"end":{"line":15,"column":92}}],"line":15},"1":{"loc":{"start":{"line":15,"column":46},"end":{"line":15,"column":67}},"type":"binary-expr","locations":[{"start":{"line":15,"column":46},"end":{"line":15,"column":49}},{"start":{"line":15,"column":53},"end":{"line":15,"column":67}}],"line":15},"2":{"loc":{"start":{"line":19,"column":4},"end":{"line":48,"column":5}},"type":"if","locations":[{"start":{"line":19,"column":4},"end":{"line":48,"column":5}},{"start":{"line":19,"column":4},"end":{"line":48,"column":5}}],"line":19}},"s":{"0":1,"1":1,"2":1,"3":1,"4":1,"5":2,"6":1,"7":4,"8":3,"9":1,"10":1,"11":1,"12":1,"13":1},"f":{"0":2,"1":4,"2":1,"3":1},"b":{"0":[0,2],"1":[2,2],"2":[3,1]},"_coverageSchema":"332fd63041d2c1bcb487cc26dd0d5f7d97098a6c","hash":"7dd9b97a87d268718d04bb2622a8fbd2d4fdcb52","contentHash":"a58996a2ed52da7be91b2ba6343fe33a_11.3.0"},"C:\\Users\\HelenHen\\Documents\\Tarkvaraprojekt\\src\\components\\table\\CompanyRow.js":{"path":"C:\\Users\\HelenHen\\Documents\\Tarkvaraprojekt\\src\\components\\table\\CompanyRow.js","statementMap":{"0":{"start":{"line":3,"column":0},"end":{"line":5,"column":3}},"1":{"start":{"line":7,"column":19},"end":{"line":7,"column":563}},"2":{"start":{"line":7,"column":76},"end":{"line":7,"column":347}},"3":{"start":{"line":7,"column":134},"end":{"line":7,"column":142}},"4":{"start":{"line":7,"column":144},"end":{"line":7,"column":199}},"5":{"start":{"line":7,"column":200},"end":{"line":7,"column":231}},"6":{"start":{"line":7,"column":232},"end":{"line":7,"column":286}},"7":{"start":{"line":7,"column":259},"end":{"line":7,"column":286}},"8":{"start":{"line":7,"column":287},"end":{"line":7,"column":345}},"9":{"start":{"line":7,"column":350},"end":{"line":7,"column":559}},"10":{"start":{"line":7,"column":407},"end":{"line":7,"column":475}},"11":{"start":{"line":7,"column":423},"end":{"line":7,"column":475}},"12":{"start":{"line":7,"column":476},"end":{"line":7,"column":536}},"13":{"start":{"line":7,"column":493},"end":{"line":7,"column":536}},"14":{"start":{"line":7,"column":537},"end":{"line":7,"column":556}},"15":{"start":{"line":9,"column":13},"end":{"line":9,"column":29}},"16":{"start":{"line":11,"column":14},"end":{"line":11,"column":44}},"17":{"start":{"line":13,"column":17},"end":{"line":13,"column":38}},"18":{"start":{"line":15,"column":18},"end":{"line":15,"column":52}},"19":{"start":{"line":17,"column":12},"end":{"line":17,"column":37}},"20":{"start":{"line":19,"column":13},"end":{"line":19,"column":42}},"21":{"start":{"line":21,"column":22},"end":{"line":21,"column":69}},"22":{"start":{"line":23,"column":23},"end":{"line":23,"column":62}},"23":{"start":{"line":25,"column":39},"end":{"line":25,"column":93}},"24":{"start":{"line":27,"column":50},"end":{"line":27,"column":151}},"25":{"start":{"line":27,"column":92},"end":{"line":27,"column":149}},"26":{"start":{"line":29,"column":50},"end":{"line":29,"column":151}},"27":{"start":{"line":29,"column":63},"end":{"line":29,"column":149}},"28":{"start":{"line":29,"column":152},"end":{"line":29,"column":238}},"29":{"start":{"line":31,"column":43},"end":{"line":31,"column":208}},"30":{"start":{"line":31,"column":106},"end":{"line":31,"column":206}},"31":{"start":{"line":31,"column":209},"end":{"line":31,"column":373}},"32":{"start":{"line":31,"column":374},"end":{"line":31,"column":492}},"33":{"start":{"line":31,"column":390},"end":{"line":31,"column":492}},"34":{"start":{"line":33,"column":17},"end":{"line":142,"column":28}},"35":{"start":{"line":34,"column":2},"end":{"line":34,"column":42}},"36":{"start":{"line":37,"column":4},"end":{"line":37,"column":38}},"37":{"start":{"line":39,"column":4},"end":{"line":39,"column":123}},"38":{"start":{"line":42,"column":2},"end":{"line":139,"column":6}},"39":{"start":{"line":45,"column":6},"end":{"line":45,"column":24}},"40":{"start":{"line":50,"column":19},"end":{"line":50,"column":23}},"41":{"start":{"line":52,"column":6},"end":{"line":137,"column":8}},"42":{"start":{"line":55,"column":12},"end":{"line":55,"column":61}},"43":{"start":{"line":141,"column":2},"end":{"line":141,"column":20}},"44":{"start":{"line":144,"column":0},"end":{"line":146,"column":2}},"45":{"start":{"line":147,"column":0},"end":{"line":147,"column":29}}},"fnMap":{"0":{"name":"(anonymous_0)","decl":{"start":{"line":7,"column":19},"end":{"line":7,"column":20}},"loc":{"start":{"line":7,"column":31},"end":{"line":7,"column":561}},"line":7},"1":{"name":"defineProperties","decl":{"start":{"line":7,"column":42},"end":{"line":7,"column":58}},"loc":{"start":{"line":7,"column":74},"end":{"line":7,"column":349}},"line":7},"2":{"name":"(anonymous_2)","decl":{"start":{"line":7,"column":357},"end":{"line":7,"column":358}},"loc":{"start":{"line":7,"column":405},"end":{"line":7,"column":558}},"line":7},"3":{"name":"_interopRequireDefault","decl":{"start":{"line":25,"column":9},"end":{"line":25,"column":31}},"loc":{"start":{"line":25,"column":37},"end":{"line":25,"column":95}},"line":25},"4":{"name":"_classCallCheck","decl":{"start":{"line":27,"column":9},"end":{"line":27,"column":24}},"loc":{"start":{"line":27,"column":48},"end":{"line":27,"column":153}},"line":27},"5":{"name":"_possibleConstructorReturn","decl":{"start":{"line":29,"column":9},"end":{"line":29,"column":35}},"loc":{"start":{"line":29,"column":48},"end":{"line":29,"column":240}},"line":29},"6":{"name":"_inherits","decl":{"start":{"line":31,"column":9},"end":{"line":31,"column":18}},"loc":{"start":{"line":31,"column":41},"end":{"line":31,"column":494}},"line":31},"7":{"name":"(anonymous_7)","decl":{"start":{"line":33,"column":17},"end":{"line":33,"column":18}},"loc":{"start":{"line":33,"column":45},"end":{"line":142,"column":1}},"line":33},"8":{"name":"CompanyRow","decl":{"start":{"line":36,"column":11},"end":{"line":36,"column":21}},"loc":{"start":{"line":36,"column":29},"end":{"line":40,"column":3}},"line":36},"9":{"name":"rowClick","decl":{"start":{"line":44,"column":20},"end":{"line":44,"column":28}},"loc":{"start":{"line":44,"column":35},"end":{"line":46,"column":5}},"line":44},"10":{"name":"render","decl":{"start":{"line":49,"column":20},"end":{"line":49,"column":26}},"loc":{"start":{"line":49,"column":29},"end":{"line":138,"column":5}},"line":49},"11":{"name":"onClick","decl":{"start":{"line":54,"column":54},"end":{"line":54,"column":61}},"loc":{"start":{"line":54,"column":65},"end":{"line":56,"column":11}},"line":54}},"branchMap":{"0":{"loc":{"start":{"line":7,"column":168},"end":{"line":7,"column":198}},"type":"binary-expr","locations":[{"start":{"line":7,"column":168},"end":{"line":7,"column":189}},{"start":{"line":7,"column":193},"end":{"line":7,"column":198}}],"line":7},"1":{"loc":{"start":{"line":7,"column":232},"end":{"line":7,"column":286}},"type":"if","locations":[{"start":{"line":7,"column":232},"end":{"line":7,"column":286}},{"start":{"line":7,"column":232},"end":{"line":7,"column":286}}],"line":7},"2":{"loc":{"start":{"line":7,"column":407},"end":{"line":7,"column":475}},"type":"if","locations":[{"start":{"line":7,"column":407},"end":{"line":7,"column":475}},{"start":{"line":7,"column":407},"end":{"line":7,"column":475}}],"line":7},"3":{"loc":{"start":{"line":7,"column":476},"end":{"line":7,"column":536}},"type":"if","locations":[{"start":{"line":7,"column":476},"end":{"line":7,"column":536}},{"start":{"line":7,"column":476},"end":{"line":7,"column":536}}],"line":7},"4":{"loc":{"start":{"line":25,"column":46},"end":{"line":25,"column":92}},"type":"cond-expr","locations":[{"start":{"line":25,"column":70},"end":{"line":25,"column":73}},{"start":{"line":25,"column":76},"end":{"line":25,"column":92}}],"line":25},"5":{"loc":{"start":{"line":25,"column":46},"end":{"line":25,"column":67}},"type":"binary-expr","locations":[{"start":{"line":25,"column":46},"end":{"line":25,"column":49}},{"start":{"line":25,"column":53},"end":{"line":25,"column":67}}],"line":25},"6":{"loc":{"start":{"line":27,"column":50},"end":{"line":27,"column":151}},"type":"if","locations":[{"start":{"line":27,"column":50},"end":{"line":27,"column":151}},{"start":{"line":27,"column":50},"end":{"line":27,"column":151}}],"line":27},"7":{"loc":{"start":{"line":29,"column":50},"end":{"line":29,"column":151}},"type":"if","locations":[{"start":{"line":29,"column":50},"end":{"line":29,"column":151}},{"start":{"line":29,"column":50},"end":{"line":29,"column":151}}],"line":29},"8":{"loc":{"start":{"line":29,"column":159},"end":{"line":29,"column":237}},"type":"cond-expr","locations":[{"start":{"line":29,"column":226},"end":{"line":29,"column":230}},{"start":{"line":29,"column":233},"end":{"line":29,"column":237}}],"line":29},"9":{"loc":{"start":{"line":29,"column":159},"end":{"line":29,"column":223}},"type":"binary-expr","locations":[{"start":{"line":29,"column":159},"end":{"line":29,"column":163}},{"start":{"line":29,"column":168},"end":{"line":29,"column":192}},{"start":{"line":29,"column":196},"end":{"line":29,"column":222}}],"line":29},"10":{"loc":{"start":{"line":31,"column":43},"end":{"line":31,"column":208}},"type":"if","locations":[{"start":{"line":31,"column":43},"end":{"line":31,"column":208}},{"start":{"line":31,"column":43},"end":{"line":31,"column":208}}],"line":31},"11":{"loc":{"start":{"line":31,"column":47},"end":{"line":31,"column":102}},"type":"binary-expr","locations":[{"start":{"line":31,"column":47},"end":{"line":31,"column":79}},{"start":{"line":31,"column":83},"end":{"line":31,"column":102}}],"line":31},"12":{"loc":{"start":{"line":31,"column":244},"end":{"line":31,"column":278}},"type":"binary-expr","locations":[{"start":{"line":31,"column":244},"end":{"line":31,"column":254}},{"start":{"line":31,"column":258},"end":{"line":31,"column":278}}],"line":31},"13":{"loc":{"start":{"line":31,"column":374},"end":{"line":31,"column":492}},"type":"if","locations":[{"start":{"line":31,"column":374},"end":{"line":31,"column":492}},{"start":{"line":31,"column":374},"end":{"line":31,"column":492}}],"line":31},"14":{"loc":{"start":{"line":31,"column":390},"end":{"line":31,"column":491}},"type":"cond-expr","locations":[{"start":{"line":31,"column":414},"end":{"line":31,"column":457}},{"start":{"line":31,"column":460},"end":{"line":31,"column":491}}],"line":31},"15":{"loc":{"start":{"line":39,"column":45},"end":{"line":39,"column":102}},"type":"binary-expr","locations":[{"start":{"line":39,"column":45},"end":{"line":39,"column":65}},{"start":{"line":39,"column":69},"end":{"line":39,"column":102}}],"line":39},"16":{"loc":{"start":{"line":115,"column":10},"end":{"line":115,"column":102}},"type":"cond-expr","locations":[{"start":{"line":115,"column":39},"end":{"line":115,"column":96}},{"start":{"line":115,"column":99},"end":{"line":115,"column":102}}],"line":115},"17":{"loc":{"start":{"line":120,"column":10},"end":{"line":120,"column":75}},"type":"cond-expr","locations":[{"start":{"line":120,"column":41},"end":{"line":120,"column":69}},{"start":{"line":120,"column":72},"end":{"line":120,"column":75}}],"line":120},"18":{"loc":{"start":{"line":125,"column":10},"end":{"line":125,"column":76}},"type":"cond-expr","locations":[{"start":{"line":125,"column":36},"end":{"line":125,"column":70}},{"start":{"line":125,"column":73},"end":{"line":125,"column":76}}],"line":125},"19":{"loc":{"start":{"line":135,"column":10},"end":{"line":135,"column":91}},"type":"cond-expr","locations":[{"start":{"line":135,"column":41},"end":{"line":135,"column":85}},{"start":{"line":135,"column":88},"end":{"line":135,"column":91}}],"line":135}},"s":{"0":1,"1":1,"2":1,"3":2,"4":2,"5":2,"6":2,"7":2,"8":2,"9":1,"10":1,"11":1,"12":1,"13":0,"14":1,"15":1,"16":1,"17":1,"18":1,"19":1,"20":1,"21":1,"22":1,"23":4,"24":1,"25":0,"26":1,"27":0,"28":1,"29":1,"30":0,"31":1,"32":1,"33":1,"34":1,"35":1,"36":1,"37":1,"38":1,"39":0,"40":1,"41":1,"42":0,"43":1,"44":1,"45":1},"f":{"0":1,"1":1,"2":1,"3":4,"4":1,"5":1,"6":1,"7":1,"8":1,"9":0,"10":1,"11":0},"b":{"0":[2,2],"1":[2,0],"2":[1,0],"3":[0,1],"4":[2,2],"5":[4,4],"6":[0,1],"7":[0,1],"8":[0,1],"9":[1,0,0],"10":[0,1],"11":[1,0],"12":[1,1],"13":[1,0],"14":[1,0],"15":[1,0],"16":[0,1],"17":[1,0],"18":[1,0],"19":[1,0]},"_coverageSchema":"332fd63041d2c1bcb487cc26dd0d5f7d97098a6c","hash":"0e274e4402c775dab20a8b186f4d1b9fa5ef6a82","contentHash":"033144e2dd5af8d000f684cb93e3016c_11.3.0"},"C:\\Users\\HelenHen\\Documents\\Tarkvaraprojekt\\src\\containers\\card\\Card.js":{"path":"C:\\Users\\HelenHen\\Documents\\Tarkvaraprojekt\\src\\containers\\card\\Card.js","statementMap":{"0":{"start":{"line":3,"column":0},"end":{"line":5,"column":3}},"1":{"start":{"line":7,"column":19},"end":{"line":7,"column":563}},"2":{"start":{"line":7,"column":76},"end":{"line":7,"column":347}},"3":{"start":{"line":7,"column":134},"end":{"line":7,"column":142}},"4":{"start":{"line":7,"column":144},"end":{"line":7,"column":199}},"5":{"start":{"line":7,"column":200},"end":{"line":7,"column":231}},"6":{"start":{"line":7,"column":232},"end":{"line":7,"column":286}},"7":{"start":{"line":7,"column":259},"end":{"line":7,"column":286}},"8":{"start":{"line":7,"column":287},"end":{"line":7,"column":345}},"9":{"start":{"line":7,"column":350},"end":{"line":7,"column":559}},"10":{"start":{"line":7,"column":407},"end":{"line":7,"column":475}},"11":{"start":{"line":7,"column":423},"end":{"line":7,"column":475}},"12":{"start":{"line":7,"column":476},"end":{"line":7,"column":536}},"13":{"start":{"line":7,"column":493},"end":{"line":7,"column":536}},"14":{"start":{"line":7,"column":537},"end":{"line":7,"column":556}},"15":{"start":{"line":9,"column":13},"end":{"line":9,"column":29}},"16":{"start":{"line":11,"column":14},"end":{"line":11,"column":44}},"17":{"start":{"line":13,"column":17},"end":{"line":13,"column":38}},"18":{"start":{"line":15,"column":18},"end":{"line":15,"column":52}},"19":{"start":{"line":17,"column":19},"end":{"line":17,"column":63}},"20":{"start":{"line":19,"column":20},"end":{"line":19,"column":56}},"21":{"start":{"line":21,"column":15},"end":{"line":21,"column":56}},"22":{"start":{"line":23,"column":16},"end":{"line":23,"column":48}},"23":{"start":{"line":25,"column":13},"end":{"line":25,"column":29}},"24":{"start":{"line":27,"column":14},"end":{"line":27,"column":44}},"25":{"start":{"line":29,"column":39},"end":{"line":29,"column":93}},"26":{"start":{"line":31,"column":50},"end":{"line":31,"column":151}},"27":{"start":{"line":31,"column":92},"end":{"line":31,"column":149}},"28":{"start":{"line":33,"column":50},"end":{"line":33,"column":151}},"29":{"start":{"line":33,"column":63},"end":{"line":33,"column":149}},"30":{"start":{"line":33,"column":152},"end":{"line":33,"column":238}},"31":{"start":{"line":35,"column":43},"end":{"line":35,"column":208}},"32":{"start":{"line":35,"column":106},"end":{"line":35,"column":206}},"33":{"start":{"line":35,"column":209},"end":{"line":35,"column":373}},"34":{"start":{"line":35,"column":374},"end":{"line":35,"column":492}},"35":{"start":{"line":35,"column":390},"end":{"line":35,"column":492}},"36":{"start":{"line":37,"column":15},"end":{"line":128,"column":28}},"37":{"start":{"line":38,"column":2},"end":{"line":38,"column":40}},"38":{"start":{"line":41,"column":4},"end":{"line":41,"column":36}},"39":{"start":{"line":43,"column":16},"end":{"line":43,"column":123}},"40":{"start":{"line":45,"column":4},"end":{"line":47,"column":6}},"41":{"start":{"line":48,"column":4},"end":{"line":48,"column":48}},"42":{"start":{"line":49,"column":4},"end":{"line":49,"column":46}},"43":{"start":{"line":50,"column":4},"end":{"line":50,"column":17}},"44":{"start":{"line":53,"column":2},"end":{"line":125,"column":6}},"45":{"start":{"line":56,"column":21},"end":{"line":56,"column":69}},"46":{"start":{"line":57,"column":6},"end":{"line":57,"column":45}},"47":{"start":{"line":62,"column":21},"end":{"line":62,"column":43}},"48":{"start":{"line":63,"column":6},"end":{"line":63,"column":45}},"49":{"start":{"line":68,"column":19},"end":{"line":68,"column":23}},"50":{"start":{"line":70,"column":6},"end":{"line":123,"column":8}},"51":{"start":{"line":84,"column":18},"end":{"line":84,"column":57}},"52":{"start":{"line":93,"column":18},"end":{"line":93,"column":71}},"53":{"start":{"line":107,"column":14},"end":{"line":109,"column":15}},"54":{"start":{"line":108,"column":16},"end":{"line":108,"column":111}},"55":{"start":{"line":127,"column":2},"end":{"line":127,"column":18}},"56":{"start":{"line":130,"column":0},"end":{"line":135,"column":2}},"57":{"start":{"line":137,"column":0},"end":{"line":137,"column":27}}},"fnMap":{"0":{"name":"(anonymous_0)","decl":{"start":{"line":7,"column":19},"end":{"line":7,"column":20}},"loc":{"start":{"line":7,"column":31},"end":{"line":7,"column":561}},"line":7},"1":{"name":"defineProperties","decl":{"start":{"line":7,"column":42},"end":{"line":7,"column":58}},"loc":{"start":{"line":7,"column":74},"end":{"line":7,"column":349}},"line":7},"2":{"name":"(anonymous_2)","decl":{"start":{"line":7,"column":357},"end":{"line":7,"column":358}},"loc":{"start":{"line":7,"column":405},"end":{"line":7,"column":558}},"line":7},"3":{"name":"_interopRequireDefault","decl":{"start":{"line":29,"column":9},"end":{"line":29,"column":31}},"loc":{"start":{"line":29,"column":37},"end":{"line":29,"column":95}},"line":29},"4":{"name":"_classCallCheck","decl":{"start":{"line":31,"column":9},"end":{"line":31,"column":24}},"loc":{"start":{"line":31,"column":48},"end":{"line":31,"column":153}},"line":31},"5":{"name":"_possibleConstructorReturn","decl":{"start":{"line":33,"column":9},"end":{"line":33,"column":35}},"loc":{"start":{"line":33,"column":48},"end":{"line":33,"column":240}},"line":33},"6":{"name":"_inherits","decl":{"start":{"line":35,"column":9},"end":{"line":35,"column":18}},"loc":{"start":{"line":35,"column":41},"end":{"line":35,"column":494}},"line":35},"7":{"name":"(anonymous_7)","decl":{"start":{"line":37,"column":15},"end":{"line":37,"column":16}},"loc":{"start":{"line":37,"column":43},"end":{"line":128,"column":1}},"line":37},"8":{"name":"CardView","decl":{"start":{"line":40,"column":11},"end":{"line":40,"column":19}},"loc":{"start":{"line":40,"column":27},"end":{"line":51,"column":3}},"line":40},"9":{"name":"showMore","decl":{"start":{"line":55,"column":20},"end":{"line":55,"column":28}},"loc":{"start":{"line":55,"column":32},"end":{"line":58,"column":5}},"line":55},"10":{"name":"showAll","decl":{"start":{"line":61,"column":20},"end":{"line":61,"column":27}},"loc":{"start":{"line":61,"column":31},"end":{"line":64,"column":5}},"line":61},"11":{"name":"render","decl":{"start":{"line":67,"column":20},"end":{"line":67,"column":26}},"loc":{"start":{"line":67,"column":29},"end":{"line":124,"column":5}},"line":67},"12":{"name":"onClick","decl":{"start":{"line":83,"column":52},"end":{"line":83,"column":59}},"loc":{"start":{"line":83,"column":63},"end":{"line":85,"column":17}},"line":83},"13":{"name":"onClick","decl":{"start":{"line":92,"column":55},"end":{"line":92,"column":62}},"loc":{"start":{"line":92,"column":66},"end":{"line":94,"column":17}},"line":92},"14":{"name":"(anonymous_14)","decl":{"start":{"line":106,"column":32},"end":{"line":106,"column":33}},"loc":{"start":{"line":106,"column":51},"end":{"line":110,"column":13}},"line":106}},"branchMap":{"0":{"loc":{"start":{"line":7,"column":168},"end":{"line":7,"column":198}},"type":"binary-expr","locations":[{"start":{"line":7,"column":168},"end":{"line":7,"column":189}},{"start":{"line":7,"column":193},"end":{"line":7,"column":198}}],"line":7},"1":{"loc":{"start":{"line":7,"column":232},"end":{"line":7,"column":286}},"type":"if","locations":[{"start":{"line":7,"column":232},"end":{"line":7,"column":286}},{"start":{"line":7,"column":232},"end":{"line":7,"column":286}}],"line":7},"2":{"loc":{"start":{"line":7,"column":407},"end":{"line":7,"column":475}},"type":"if","locations":[{"start":{"line":7,"column":407},"end":{"line":7,"column":475}},{"start":{"line":7,"column":407},"end":{"line":7,"column":475}}],"line":7},"3":{"loc":{"start":{"line":7,"column":476},"end":{"line":7,"column":536}},"type":"if","locations":[{"start":{"line":7,"column":476},"end":{"line":7,"column":536}},{"start":{"line":7,"column":476},"end":{"line":7,"column":536}}],"line":7},"4":{"loc":{"start":{"line":29,"column":46},"end":{"line":29,"column":92}},"type":"cond-expr","locations":[{"start":{"line":29,"column":70},"end":{"line":29,"column":73}},{"start":{"line":29,"column":76},"end":{"line":29,"column":92}}],"line":29},"5":{"loc":{"start":{"line":29,"column":46},"end":{"line":29,"column":67}},"type":"binary-expr","locations":[{"start":{"line":29,"column":46},"end":{"line":29,"column":49}},{"start":{"line":29,"column":53},"end":{"line":29,"column":67}}],"line":29},"6":{"loc":{"start":{"line":31,"column":50},"end":{"line":31,"column":151}},"type":"if","locations":[{"start":{"line":31,"column":50},"end":{"line":31,"column":151}},{"start":{"line":31,"column":50},"end":{"line":31,"column":151}}],"line":31},"7":{"loc":{"start":{"line":33,"column":50},"end":{"line":33,"column":151}},"type":"if","locations":[{"start":{"line":33,"column":50},"end":{"line":33,"column":151}},{"start":{"line":33,"column":50},"end":{"line":33,"column":151}}],"line":33},"8":{"loc":{"start":{"line":33,"column":159},"end":{"line":33,"column":237}},"type":"cond-expr","locations":[{"start":{"line":33,"column":226},"end":{"line":33,"column":230}},{"start":{"line":33,"column":233},"end":{"line":33,"column":237}}],"line":33},"9":{"loc":{"start":{"line":33,"column":159},"end":{"line":33,"column":223}},"type":"binary-expr","locations":[{"start":{"line":33,"column":159},"end":{"line":33,"column":163}},{"start":{"line":33,"column":168},"end":{"line":33,"column":192}},{"start":{"line":33,"column":196},"end":{"line":33,"column":222}}],"line":33},"10":{"loc":{"start":{"line":35,"column":43},"end":{"line":35,"column":208}},"type":"if","locations":[{"start":{"line":35,"column":43},"end":{"line":35,"column":208}},{"start":{"line":35,"column":43},"end":{"line":35,"column":208}}],"line":35},"11":{"loc":{"start":{"line":35,"column":47},"end":{"line":35,"column":102}},"type":"binary-expr","locations":[{"start":{"line":35,"column":47},"end":{"line":35,"column":79}},{"start":{"line":35,"column":83},"end":{"line":35,"column":102}}],"line":35},"12":{"loc":{"start":{"line":35,"column":244},"end":{"line":35,"column":278}},"type":"binary-expr","locations":[{"start":{"line":35,"column":244},"end":{"line":35,"column":254}},{"start":{"line":35,"column":258},"end":{"line":35,"column":278}}],"line":35},"13":{"loc":{"start":{"line":35,"column":374},"end":{"line":35,"column":492}},"type":"if","locations":[{"start":{"line":35,"column":374},"end":{"line":35,"column":492}},{"start":{"line":35,"column":374},"end":{"line":35,"column":492}}],"line":35},"14":{"loc":{"start":{"line":35,"column":390},"end":{"line":35,"column":491}},"type":"cond-expr","locations":[{"start":{"line":35,"column":414},"end":{"line":35,"column":457}},{"start":{"line":35,"column":460},"end":{"line":35,"column":491}}],"line":35},"15":{"loc":{"start":{"line":43,"column":50},"end":{"line":43,"column":103}},"type":"binary-expr","locations":[{"start":{"line":43,"column":50},"end":{"line":43,"column":68}},{"start":{"line":43,"column":72},"end":{"line":43,"column":103}}],"line":43},"16":{"loc":{"start":{"line":107,"column":14},"end":{"line":109,"column":15}},"type":"if","locations":[{"start":{"line":107,"column":14},"end":{"line":109,"column":15}},{"start":{"line":107,"column":14},"end":{"line":109,"column":15}}],"line":107}},"s":{"0":1,"1":1,"2":1,"3":3,"4":3,"5":3,"6":3,"7":3,"8":3,"9":1,"10":1,"11":1,"12":1,"13":0,"14":1,"15":1,"16":1,"17":1,"18":1,"19":1,"20":1,"21":1,"22":1,"23":1,"24":1,"25":5,"26":6,"27":0,"28":6,"29":0,"30":6,"31":1,"32":0,"33":1,"34":1,"35":1,"36":1,"37":1,"38":6,"39":6,"40":6,"41":6,"42":6,"43":6,"44":1,"45":1,"46":1,"47":1,"48":1,"49":8,"50":8,"51":1,"52":1,"53":270,"54":150,"55":1,"56":1,"57":1},"f":{"0":1,"1":1,"2":1,"3":5,"4":6,"5":6,"6":1,"7":1,"8":6,"9":1,"10":1,"11":8,"12":1,"13":1,"14":270},"b":{"0":[3,3],"1":[3,0],"2":[1,0],"3":[0,1],"4":[2,3],"5":[5,5],"6":[0,6],"7":[0,6],"8":[0,6],"9":[6,0,0],"10":[0,1],"11":[1,0],"12":[1,1],"13":[1,0],"14":[1,0],"15":[6,0],"16":[150,120]},"_coverageSchema":"332fd63041d2c1bcb487cc26dd0d5f7d97098a6c","hash":"3d8eba6e3403c808742aad7048699c413eade294","contentHash":"1c7a76f7d67a66f94e93a924d80b6d8f_11.3.0"},"C:\\Users\\HelenHen\\Documents\\Tarkvaraprojekt\\src\\containers\\HeaderBlock\\HeaderBlock.js":{"path":"C:\\Users\\HelenHen\\Documents\\Tarkvaraprojekt\\src\\containers\\HeaderBlock\\HeaderBlock.js","statementMap":{"0":{"start":{"line":3,"column":0},"end":{"line":5,"column":3}},"1":{"start":{"line":7,"column":19},"end":{"line":7,"column":563}},"2":{"start":{"line":7,"column":76},"end":{"line":7,"column":347}},"3":{"start":{"line":7,"column":134},"end":{"line":7,"column":142}},"4":{"start":{"line":7,"column":144},"end":{"line":7,"column":199}},"5":{"start":{"line":7,"column":200},"end":{"line":7,"column":231}},"6":{"start":{"line":7,"column":232},"end":{"line":7,"column":286}},"7":{"start":{"line":7,"column":259},"end":{"line":7,"column":286}},"8":{"start":{"line":7,"column":287},"end":{"line":7,"column":345}},"9":{"start":{"line":7,"column":350},"end":{"line":7,"column":559}},"10":{"start":{"line":7,"column":407},"end":{"line":7,"column":475}},"11":{"start":{"line":7,"column":423},"end":{"line":7,"column":475}},"12":{"start":{"line":7,"column":476},"end":{"line":7,"column":536}},"13":{"start":{"line":7,"column":493},"end":{"line":7,"column":536}},"14":{"start":{"line":7,"column":537},"end":{"line":7,"column":556}},"15":{"start":{"line":9,"column":13},"end":{"line":9,"column":29}},"16":{"start":{"line":11,"column":14},"end":{"line":11,"column":44}},"17":{"start":{"line":13,"column":17},"end":{"line":13,"column":38}},"18":{"start":{"line":15,"column":18},"end":{"line":15,"column":52}},"19":{"start":{"line":17,"column":13},"end":{"line":17,"column":29}},"20":{"start":{"line":19,"column":14},"end":{"line":19,"column":44}},"21":{"start":{"line":21,"column":13},"end":{"line":21,"column":38}},"22":{"start":{"line":23,"column":14},"end":{"line":23,"column":44}},"23":{"start":{"line":25,"column":30},"end":{"line":25,"column":71}},"24":{"start":{"line":27,"column":12},"end":{"line":27,"column":35}},"25":{"start":{"line":29,"column":13},"end":{"line":29,"column":42}},"26":{"start":{"line":31,"column":22},"end":{"line":31,"column":48}},"27":{"start":{"line":33,"column":18},"end":{"line":33,"column":53}},"28":{"start":{"line":35,"column":19},"end":{"line":35,"column":54}},"29":{"start":{"line":37,"column":39},"end":{"line":37,"column":93}},"30":{"start":{"line":39,"column":50},"end":{"line":39,"column":151}},"31":{"start":{"line":39,"column":92},"end":{"line":39,"column":149}},"32":{"start":{"line":41,"column":50},"end":{"line":41,"column":151}},"33":{"start":{"line":41,"column":63},"end":{"line":41,"column":149}},"34":{"start":{"line":41,"column":152},"end":{"line":41,"column":238}},"35":{"start":{"line":43,"column":43},"end":{"line":43,"column":208}},"36":{"start":{"line":43,"column":106},"end":{"line":43,"column":206}},"37":{"start":{"line":43,"column":209},"end":{"line":43,"column":373}},"38":{"start":{"line":43,"column":374},"end":{"line":43,"column":492}},"39":{"start":{"line":43,"column":390},"end":{"line":43,"column":492}},"40":{"start":{"line":45,"column":18},"end":{"line":428,"column":28}},"41":{"start":{"line":46,"column":2},"end":{"line":46,"column":43}},"42":{"start":{"line":49,"column":4},"end":{"line":49,"column":39}},"43":{"start":{"line":51,"column":16},"end":{"line":51,"column":129}},"44":{"start":{"line":53,"column":4},"end":{"line":68,"column":6}},"45":{"start":{"line":58,"column":8},"end":{"line":58,"column":62}},"46":{"start":{"line":70,"column":15},"end":{"line":70,"column":25}},"47":{"start":{"line":71,"column":4},"end":{"line":71,"column":22}},"48":{"start":{"line":72,"column":4},"end":{"line":72,"column":62}},"49":{"start":{"line":73,"column":4},"end":{"line":73,"column":68}},"50":{"start":{"line":74,"column":4},"end":{"line":74,"column":62}},"51":{"start":{"line":75,"column":4},"end":{"line":75,"column":66}},"52":{"start":{"line":76,"column":4},"end":{"line":76,"column":56}},"53":{"start":{"line":77,"column":4},"end":{"line":77,"column":54}},"54":{"start":{"line":78,"column":4},"end":{"line":78,"column":54}},"55":{"start":{"line":79,"column":4},"end":{"line":79,"column":17}},"56":{"start":{"line":82,"column":2},"end":{"line":425,"column":6}},"57":{"start":{"line":85,"column":6},"end":{"line":88,"column":9}},"58":{"start":{"line":93,"column":21},"end":{"line":93,"column":54}},"59":{"start":{"line":94,"column":6},"end":{"line":102,"column":7}},"60":{"start":{"line":95,"column":8},"end":{"line":95,"column":159}},"61":{"start":{"line":97,"column":8},"end":{"line":101,"column":9}},"62":{"start":{"line":98,"column":10},"end":{"line":98,"column":163}},"63":{"start":{"line":100,"column":10},"end":{"line":100,"column":161}},"64":{"start":{"line":103,"column":6},"end":{"line":103,"column":94}},"65":{"start":{"line":108,"column":21},"end":{"line":108,"column":54}},"66":{"start":{"line":109,"column":6},"end":{"line":117,"column":7}},"67":{"start":{"line":110,"column":8},"end":{"line":110,"column":164}},"68":{"start":{"line":112,"column":8},"end":{"line":116,"column":9}},"69":{"start":{"line":113,"column":10},"end":{"line":113,"column":164}},"70":{"start":{"line":115,"column":10},"end":{"line":115,"column":166}},"71":{"start":{"line":118,"column":6},"end":{"line":118,"column":94}},"72":{"start":{"line":123,"column":24},"end":{"line":123,"column":72}},"73":{"start":{"line":124,"column":6},"end":{"line":133,"column":7}},"74":{"start":{"line":125,"column":20},"end":{"line":125,"column":44}},"75":{"start":{"line":126,"column":8},"end":{"line":126,"column":37}},"76":{"start":{"line":127,"column":23},"end":{"line":127,"column":69}},"77":{"start":{"line":128,"column":8},"end":{"line":128,"column":27}},"78":{"start":{"line":129,"column":8},"end":{"line":132,"column":11}},"79":{"start":{"line":138,"column":21},"end":{"line":138,"column":67}},"80":{"start":{"line":139,"column":6},"end":{"line":151,"column":7}},"81":{"start":{"line":140,"column":20},"end":{"line":140,"column":41}},"82":{"start":{"line":141,"column":8},"end":{"line":141,"column":34}},"83":{"start":{"line":142,"column":25},"end":{"line":142,"column":73}},"84":{"start":{"line":143,"column":8},"end":{"line":143,"column":29}},"85":{"start":{"line":144,"column":8},"end":{"line":146,"column":11}},"86":{"start":{"line":145,"column":10},"end":{"line":145,"column":64}},"87":{"start":{"line":147,"column":8},"end":{"line":150,"column":11}},"88":{"start":{"line":156,"column":24},"end":{"line":156,"column":74}},"89":{"start":{"line":157,"column":6},"end":{"line":166,"column":7}},"90":{"start":{"line":158,"column":20},"end":{"line":158,"column":46}},"91":{"start":{"line":159,"column":8},"end":{"line":159,"column":37}},"92":{"start":{"line":160,"column":23},"end":{"line":160,"column":71}},"93":{"start":{"line":161,"column":8},"end":{"line":161,"column":29}},"94":{"start":{"line":162,"column":8},"end":{"line":165,"column":11}},"95":{"start":{"line":171,"column":21},"end":{"line":171,"column":69}},"96":{"start":{"line":172,"column":6},"end":{"line":182,"column":7}},"97":{"start":{"line":173,"column":20},"end":{"line":173,"column":43}},"98":{"start":{"line":174,"column":8},"end":{"line":174,"column":34}},"99":{"start":{"line":175,"column":25},"end":{"line":177,"column":10}},"100":{"start":{"line":176,"column":10},"end":{"line":176,"column":43}},"101":{"start":{"line":178,"column":8},"end":{"line":181,"column":11}},"102":{"start":{"line":187,"column":6},"end":{"line":190,"column":9}},"103":{"start":{"line":195,"column":6},"end":{"line":197,"column":9}},"104":{"start":{"line":202,"column":6},"end":{"line":206,"column":7}},"105":{"start":{"line":203,"column":8},"end":{"line":203,"column":101}},"106":{"start":{"line":205,"column":8},"end":{"line":205,"column":104}},"107":{"start":{"line":211,"column":19},"end":{"line":211,"column":23}},"108":{"start":{"line":213,"column":30},"end":{"line":213,"column":148}},"109":{"start":{"line":214,"column":34},"end":{"line":216,"column":8}},"110":{"start":{"line":215,"column":8},"end":{"line":215,"column":83}},"111":{"start":{"line":217,"column":26},"end":{"line":217,"column":64}},"112":{"start":{"line":219,"column":6},"end":{"line":219,"column":27}},"113":{"start":{"line":224,"column":19},"end":{"line":224,"column":23}},"114":{"start":{"line":226,"column":6},"end":{"line":276,"column":8}},"115":{"start":{"line":238,"column":12},"end":{"line":244,"column":14}},"116":{"start":{"line":241,"column":18},"end":{"line":241,"column":53}},"117":{"start":{"line":256,"column":12},"end":{"line":262,"column":14}},"118":{"start":{"line":259,"column":18},"end":{"line":259,"column":55}},"119":{"start":{"line":271,"column":16},"end":{"line":271,"column":45}},"120":{"start":{"line":281,"column":19},"end":{"line":281,"column":23}},"121":{"start":{"line":283,"column":6},"end":{"line":333,"column":8}},"122":{"start":{"line":295,"column":12},"end":{"line":301,"column":14}},"123":{"start":{"line":298,"column":18},"end":{"line":298,"column":57}},"124":{"start":{"line":313,"column":12},"end":{"line":319,"column":14}},"125":{"start":{"line":316,"column":18},"end":{"line":316,"column":59}},"126":{"start":{"line":328,"column":16},"end":{"line":328,"column":44}},"127":{"start":{"line":338,"column":19},"end":{"line":338,"column":23}},"128":{"start":{"line":340,"column":6},"end":{"line":348,"column":8}},"129":{"start":{"line":345,"column":12},"end":{"line":345,"column":46}},"130":{"start":{"line":353,"column":6},"end":{"line":369,"column":7}},"131":{"start":{"line":354,"column":8},"end":{"line":359,"column":11}},"132":{"start":{"line":360,"column":13},"end":{"line":369,"column":7}},"133":{"start":{"line":361,"column":8},"end":{"line":365,"column":11}},"134":{"start":{"line":367,"column":8},"end":{"line":368,"column":38}},"135":{"start":{"line":374,"column":6},"end":{"line":374,"column":45}},"136":{"start":{"line":379,"column":6},"end":{"line":397,"column":8}},"137":{"start":{"line":402,"column":6},"end":{"line":410,"column":7}},"138":{"start":{"line":403,"column":8},"end":{"line":407,"column":9}},"139":{"start":{"line":404,"column":10},"end":{"line":404,"column":86}},"140":{"start":{"line":406,"column":10},"end":{"line":406,"column":85}},"141":{"start":{"line":409,"column":8},"end":{"line":409,"column":85}},"142":{"start":{"line":415,"column":6},"end":{"line":423,"column":8}},"143":{"start":{"line":427,"column":2},"end":{"line":427,"column":21}},"144":{"start":{"line":430,"column":0},"end":{"line":434,"column":2}},"145":{"start":{"line":436,"column":0},"end":{"line":436,"column":30}}},"fnMap":{"0":{"name":"(anonymous_0)","decl":{"start":{"line":7,"column":19},"end":{"line":7,"column":20}},"loc":{"start":{"line":7,"column":31},"end":{"line":7,"column":561}},"line":7},"1":{"name":"defineProperties","decl":{"start":{"line":7,"column":42},"end":{"line":7,"column":58}},"loc":{"start":{"line":7,"column":74},"end":{"line":7,"column":349}},"line":7},"2":{"name":"(anonymous_2)","decl":{"start":{"line":7,"column":357},"end":{"line":7,"column":358}},"loc":{"start":{"line":7,"column":405},"end":{"line":7,"column":558}},"line":7},"3":{"name":"_interopRequireDefault","decl":{"start":{"line":37,"column":9},"end":{"line":37,"column":31}},"loc":{"start":{"line":37,"column":37},"end":{"line":37,"column":95}},"line":37},"4":{"name":"_classCallCheck","decl":{"start":{"line":39,"column":9},"end":{"line":39,"column":24}},"loc":{"start":{"line":39,"column":48},"end":{"line":39,"column":153}},"line":39},"5":{"name":"_possibleConstructorReturn","decl":{"start":{"line":41,"column":9},"end":{"line":41,"column":35}},"loc":{"start":{"line":41,"column":48},"end":{"line":41,"column":240}},"line":41},"6":{"name":"_inherits","decl":{"start":{"line":43,"column":9},"end":{"line":43,"column":18}},"loc":{"start":{"line":43,"column":41},"end":{"line":43,"column":494}},"line":43},"7":{"name":"(anonymous_7)","decl":{"start":{"line":45,"column":18},"end":{"line":45,"column":19}},"loc":{"start":{"line":45,"column":46},"end":{"line":428,"column":1}},"line":45},"8":{"name":"HeaderBlock","decl":{"start":{"line":48,"column":11},"end":{"line":48,"column":22}},"loc":{"start":{"line":48,"column":30},"end":{"line":80,"column":3}},"line":48},"9":{"name":"(anonymous_9)","decl":{"start":{"line":57,"column":38},"end":{"line":57,"column":39}},"loc":{"start":{"line":57,"column":54},"end":{"line":59,"column":7}},"line":57},"10":{"name":"onClearTags","decl":{"start":{"line":84,"column":20},"end":{"line":84,"column":31}},"loc":{"start":{"line":84,"column":35},"end":{"line":89,"column":5}},"line":84},"11":{"name":"handleNameClick","decl":{"start":{"line":92,"column":20},"end":{"line":92,"column":35}},"loc":{"start":{"line":92,"column":39},"end":{"line":104,"column":5}},"line":92},"12":{"name":"handleSortingClick","decl":{"start":{"line":107,"column":20},"end":{"line":107,"column":38}},"loc":{"start":{"line":107,"column":50},"end":{"line":119,"column":5}},"line":107},"13":{"name":"handleTagSelect","decl":{"start":{"line":122,"column":20},"end":{"line":122,"column":35}},"loc":{"start":{"line":122,"column":41},"end":{"line":134,"column":5}},"line":122},"14":{"name":"handleTagDeselect","decl":{"start":{"line":137,"column":20},"end":{"line":137,"column":37}},"loc":{"start":{"line":137,"column":43},"end":{"line":152,"column":5}},"line":137},"15":{"name":"(anonymous_15)","decl":{"start":{"line":144,"column":24},"end":{"line":144,"column":25}},"loc":{"start":{"line":144,"column":40},"end":{"line":146,"column":9}},"line":144},"16":{"name":"handleStageSelect","decl":{"start":{"line":155,"column":20},"end":{"line":155,"column":37}},"loc":{"start":{"line":155,"column":45},"end":{"line":167,"column":5}},"line":155},"17":{"name":"handleStageDeselect","decl":{"start":{"line":170,"column":20},"end":{"line":170,"column":39}},"loc":{"start":{"line":170,"column":47},"end":{"line":183,"column":5}},"line":170},"18":{"name":"(anonymous_18)","decl":{"start":{"line":175,"column":53},"end":{"line":175,"column":54}},"loc":{"start":{"line":175,"column":68},"end":{"line":177,"column":9}},"line":175},"19":{"name":"clearStages","decl":{"start":{"line":186,"column":20},"end":{"line":186,"column":31}},"loc":{"start":{"line":186,"column":34},"end":{"line":191,"column":5}},"line":186},"20":{"name":"updateSearch","decl":{"start":{"line":194,"column":20},"end":{"line":194,"column":32}},"loc":{"start":{"line":194,"column":40},"end":{"line":198,"column":5}},"line":194},"21":{"name":"sortResult","decl":{"start":{"line":201,"column":20},"end":{"line":201,"column":30}},"loc":{"start":{"line":201,"column":39},"end":{"line":207,"column":5}},"line":201},"22":{"name":"getSortedAndFilteredData","decl":{"start":{"line":210,"column":20},"end":{"line":210,"column":44}},"loc":{"start":{"line":210,"column":47},"end":{"line":220,"column":5}},"line":210},"23":{"name":"(anonymous_23)","decl":{"start":{"line":214,"column":59},"end":{"line":214,"column":60}},"loc":{"start":{"line":214,"column":75},"end":{"line":216,"column":7}},"line":214},"24":{"name":"renderTagsComponent","decl":{"start":{"line":223,"column":20},"end":{"line":223,"column":39}},"loc":{"start":{"line":223,"column":42},"end":{"line":277,"column":5}},"line":223},"25":{"name":"(anonymous_25)","decl":{"start":{"line":237,"column":40},"end":{"line":237,"column":41}},"loc":{"start":{"line":237,"column":58},"end":{"line":245,"column":11}},"line":237},"26":{"name":"onClick","decl":{"start":{"line":240,"column":74},"end":{"line":240,"column":81}},"loc":{"start":{"line":240,"column":85},"end":{"line":242,"column":17}},"line":240},"27":{"name":"(anonymous_27)","decl":{"start":{"line":255,"column":38},"end":{"line":255,"column":39}},"loc":{"start":{"line":255,"column":56},"end":{"line":263,"column":11}},"line":255},"28":{"name":"onClick","decl":{"start":{"line":258,"column":61},"end":{"line":258,"column":68}},"loc":{"start":{"line":258,"column":72},"end":{"line":260,"column":17}},"line":258},"29":{"name":"onClick","decl":{"start":{"line":270,"column":70},"end":{"line":270,"column":77}},"loc":{"start":{"line":270,"column":81},"end":{"line":272,"column":15}},"line":270},"30":{"name":"renderStageComponent","decl":{"start":{"line":280,"column":20},"end":{"line":280,"column":40}},"loc":{"start":{"line":280,"column":43},"end":{"line":334,"column":5}},"line":280},"31":{"name":"(anonymous_31)","decl":{"start":{"line":294,"column":42},"end":{"line":294,"column":43}},"loc":{"start":{"line":294,"column":62},"end":{"line":302,"column":11}},"line":294},"32":{"name":"onClick","decl":{"start":{"line":297,"column":61},"end":{"line":297,"column":68}},"loc":{"start":{"line":297,"column":72},"end":{"line":299,"column":17}},"line":297},"33":{"name":"(anonymous_33)","decl":{"start":{"line":312,"column":40},"end":{"line":312,"column":41}},"loc":{"start":{"line":312,"column":60},"end":{"line":320,"column":11}},"line":312},"34":{"name":"onClick","decl":{"start":{"line":315,"column":61},"end":{"line":315,"column":68}},"loc":{"start":{"line":315,"column":72},"end":{"line":317,"column":17}},"line":315},"35":{"name":"onClick","decl":{"start":{"line":327,"column":70},"end":{"line":327,"column":77}},"loc":{"start":{"line":327,"column":81},"end":{"line":329,"column":15}},"line":327},"36":{"name":"renderSearchBar","decl":{"start":{"line":337,"column":20},"end":{"line":337,"column":35}},"loc":{"start":{"line":337,"column":38},"end":{"line":349,"column":5}},"line":337},"37":{"name":"onChange","decl":{"start":{"line":344,"column":29},"end":{"line":344,"column":37}},"loc":{"start":{"line":344,"column":45},"end":{"line":346,"column":11}},"line":344},"38":{"name":"renderView","decl":{"start":{"line":352,"column":20},"end":{"line":352,"column":30}},"loc":{"start":{"line":352,"column":39},"end":{"line":370,"column":5}},"line":352},"39":{"name":"onTabSelect","decl":{"start":{"line":373,"column":20},"end":{"line":373,"column":31}},"loc":{"start":{"line":373,"column":42},"end":{"line":375,"column":5}},"line":373},"40":{"name":"renderNavBar","decl":{"start":{"line":378,"column":20},"end":{"line":378,"column":32}},"loc":{"start":{"line":378,"column":35},"end":{"line":398,"column":5}},"line":378},"41":{"name":"renderArrow","decl":{"start":{"line":401,"column":20},"end":{"line":401,"column":31}},"loc":{"start":{"line":401,"column":39},"end":{"line":411,"column":5}},"line":401},"42":{"name":"render","decl":{"start":{"line":414,"column":20},"end":{"line":414,"column":26}},"loc":{"start":{"line":414,"column":29},"end":{"line":424,"column":5}},"line":414}},"branchMap":{"0":{"loc":{"start":{"line":7,"column":168},"end":{"line":7,"column":198}},"type":"binary-expr","locations":[{"start":{"line":7,"column":168},"end":{"line":7,"column":189}},{"start":{"line":7,"column":193},"end":{"line":7,"column":198}}],"line":7},"1":{"loc":{"start":{"line":7,"column":232},"end":{"line":7,"column":286}},"type":"if","locations":[{"start":{"line":7,"column":232},"end":{"line":7,"column":286}},{"start":{"line":7,"column":232},"end":{"line":7,"column":286}}],"line":7},"2":{"loc":{"start":{"line":7,"column":407},"end":{"line":7,"column":475}},"type":"if","locations":[{"start":{"line":7,"column":407},"end":{"line":7,"column":475}},{"start":{"line":7,"column":407},"end":{"line":7,"column":475}}],"line":7},"3":{"loc":{"start":{"line":7,"column":476},"end":{"line":7,"column":536}},"type":"if","locations":[{"start":{"line":7,"column":476},"end":{"line":7,"column":536}},{"start":{"line":7,"column":476},"end":{"line":7,"column":536}}],"line":7},"4":{"loc":{"start":{"line":37,"column":46},"end":{"line":37,"column":92}},"type":"cond-expr","locations":[{"start":{"line":37,"column":70},"end":{"line":37,"column":73}},{"start":{"line":37,"column":76},"end":{"line":37,"column":92}}],"line":37},"5":{"loc":{"start":{"line":37,"column":46},"end":{"line":37,"column":67}},"type":"binary-expr","locations":[{"start":{"line":37,"column":46},"end":{"line":37,"column":49}},{"start":{"line":37,"column":53},"end":{"line":37,"column":67}}],"line":37},"6":{"loc":{"start":{"line":39,"column":50},"end":{"line":39,"column":151}},"type":"if","locations":[{"start":{"line":39,"column":50},"end":{"line":39,"column":151}},{"start":{"line":39,"column":50},"end":{"line":39,"column":151}}],"line":39},"7":{"loc":{"start":{"line":41,"column":50},"end":{"line":41,"column":151}},"type":"if","locations":[{"start":{"line":41,"column":50},"end":{"line":41,"column":151}},{"start":{"line":41,"column":50},"end":{"line":41,"column":151}}],"line":41},"8":{"loc":{"start":{"line":41,"column":159},"end":{"line":41,"column":237}},"type":"cond-expr","locations":[{"start":{"line":41,"column":226},"end":{"line":41,"column":230}},{"start":{"line":41,"column":233},"end":{"line":41,"column":237}}],"line":41},"9":{"loc":{"start":{"line":41,"column":159},"end":{"line":41,"column":223}},"type":"binary-expr","locations":[{"start":{"line":41,"column":159},"end":{"line":41,"column":163}},{"start":{"line":41,"column":168},"end":{"line":41,"column":192}},{"start":{"line":41,"column":196},"end":{"line":41,"column":222}}],"line":41},"10":{"loc":{"start":{"line":43,"column":43},"end":{"line":43,"column":208}},"type":"if","locations":[{"start":{"line":43,"column":43},"end":{"line":43,"column":208}},{"start":{"line":43,"column":43},"end":{"line":43,"column":208}}],"line":43},"11":{"loc":{"start":{"line":43,"column":47},"end":{"line":43,"column":102}},"type":"binary-expr","locations":[{"start":{"line":43,"column":47},"end":{"line":43,"column":79}},{"start":{"line":43,"column":83},"end":{"line":43,"column":102}}],"line":43},"12":{"loc":{"start":{"line":43,"column":244},"end":{"line":43,"column":278}},"type":"binary-expr","locations":[{"start":{"line":43,"column":244},"end":{"line":43,"column":254}},{"start":{"line":43,"column":258},"end":{"line":43,"column":278}}],"line":43},"13":{"loc":{"start":{"line":43,"column":374},"end":{"line":43,"column":492}},"type":"if","locations":[{"start":{"line":43,"column":374},"end":{"line":43,"column":492}},{"start":{"line":43,"column":374},"end":{"line":43,"column":492}}],"line":43},"14":{"loc":{"start":{"line":43,"column":390},"end":{"line":43,"column":491}},"type":"cond-expr","locations":[{"start":{"line":43,"column":414},"end":{"line":43,"column":457}},{"start":{"line":43,"column":460},"end":{"line":43,"column":491}}],"line":43},"15":{"loc":{"start":{"line":51,"column":50},"end":{"line":51,"column":109}},"type":"binary-expr","locations":[{"start":{"line":51,"column":50},"end":{"line":51,"column":71}},{"start":{"line":51,"column":75},"end":{"line":51,"column":109}}],"line":51},"16":{"loc":{"start":{"line":94,"column":6},"end":{"line":102,"column":7}},"type":"if","locations":[{"start":{"line":94,"column":6},"end":{"line":102,"column":7}},{"start":{"line":94,"column":6},"end":{"line":102,"column":7}}],"line":94},"17":{"loc":{"start":{"line":97,"column":8},"end":{"line":101,"column":9}},"type":"if","locations":[{"start":{"line":97,"column":8},"end":{"line":101,"column":9}},{"start":{"line":97,"column":8},"end":{"line":101,"column":9}}],"line":97},"18":{"loc":{"start":{"line":109,"column":6},"end":{"line":117,"column":7}},"type":"if","locations":[{"start":{"line":109,"column":6},"end":{"line":117,"column":7}},{"start":{"line":109,"column":6},"end":{"line":117,"column":7}}],"line":109},"19":{"loc":{"start":{"line":112,"column":8},"end":{"line":116,"column":9}},"type":"if","locations":[{"start":{"line":112,"column":8},"end":{"line":116,"column":9}},{"start":{"line":112,"column":8},"end":{"line":116,"column":9}}],"line":112},"20":{"loc":{"start":{"line":124,"column":6},"end":{"line":133,"column":7}},"type":"if","locations":[{"start":{"line":124,"column":6},"end":{"line":133,"column":7}},{"start":{"line":124,"column":6},"end":{"line":133,"column":7}}],"line":124},"21":{"loc":{"start":{"line":139,"column":6},"end":{"line":151,"column":7}},"type":"if","locations":[{"start":{"line":139,"column":6},"end":{"line":151,"column":7}},{"start":{"line":139,"column":6},"end":{"line":151,"column":7}}],"line":139},"22":{"loc":{"start":{"line":157,"column":6},"end":{"line":166,"column":7}},"type":"if","locations":[{"start":{"line":157,"column":6},"end":{"line":166,"column":7}},{"start":{"line":157,"column":6},"end":{"line":166,"column":7}}],"line":157},"23":{"loc":{"start":{"line":172,"column":6},"end":{"line":182,"column":7}},"type":"if","locations":[{"start":{"line":172,"column":6},"end":{"line":182,"column":7}},{"start":{"line":172,"column":6},"end":{"line":182,"column":7}}],"line":172},"24":{"loc":{"start":{"line":202,"column":6},"end":{"line":206,"column":7}},"type":"if","locations":[{"start":{"line":202,"column":6},"end":{"line":206,"column":7}},{"start":{"line":202,"column":6},"end":{"line":206,"column":7}}],"line":202},"25":{"loc":{"start":{"line":353,"column":6},"end":{"line":369,"column":7}},"type":"if","locations":[{"start":{"line":353,"column":6},"end":{"line":369,"column":7}},{"start":{"line":353,"column":6},"end":{"line":369,"column":7}}],"line":353},"26":{"loc":{"start":{"line":360,"column":13},"end":{"line":369,"column":7}},"type":"if","locations":[{"start":{"line":360,"column":13},"end":{"line":369,"column":7}},{"start":{"line":360,"column":13},"end":{"line":369,"column":7}}],"line":360},"27":{"loc":{"start":{"line":402,"column":6},"end":{"line":410,"column":7}},"type":"if","locations":[{"start":{"line":402,"column":6},"end":{"line":410,"column":7}},{"start":{"line":402,"column":6},"end":{"line":410,"column":7}}],"line":402},"28":{"loc":{"start":{"line":403,"column":8},"end":{"line":407,"column":9}},"type":"if","locations":[{"start":{"line":403,"column":8},"end":{"line":407,"column":9}},{"start":{"line":403,"column":8},"end":{"line":407,"column":9}}],"line":403}},"s":{"0":1,"1":1,"2":1,"3":19,"4":19,"5":19,"6":19,"7":19,"8":19,"9":1,"10":1,"11":1,"12":1,"13":0,"14":1,"15":1,"16":1,"17":1,"18":1,"19":1,"20":1,"21":1,"22":1,"23":1,"24":1,"25":1,"26":1,"27":1,"28":1,"29":6,"30":11,"31":0,"32":11,"33":0,"34":11,"35":1,"36":0,"37":1,"38":1,"39":1,"40":1,"41":1,"42":11,"43":11,"44":11,"45":47,"46":11,"47":11,"48":11,"49":11,"50":11,"51":11,"52":11,"53":11,"54":11,"55":11,"56":1,"57":1,"58":2,"59":2,"60":0,"61":2,"62":1,"63":1,"64":2,"65":8,"66":8,"67":2,"68":6,"69":3,"70":3,"71":8,"72":6,"73":6,"74":5,"75":5,"76":5,"77":5,"78":5,"79":1,"80":1,"81":1,"82":1,"83":1,"84":1,"85":1,"86":3,"87":1,"88":6,"89":6,"90":5,"91":5,"92":5,"93":5,"94":5,"95":1,"96":1,"97":1,"98":1,"99":1,"100":6,"101":1,"102":1,"103":0,"104":68,"105":37,"106":31,"107":68,"108":68,"109":68,"110":123,"111":68,"112":68,"113":68,"114":68,"115":74,"116":0,"117":8,"118":0,"119":0,"120":68,"121":68,"122":58,"123":0,"124":8,"125":0,"126":0,"127":68,"128":68,"129":0,"130":68,"131":66,"132":2,"133":1,"134":1,"135":0,"136":68,"137":0,"138":0,"139":0,"140":0,"141":0,"142":68,"143":1,"144":1,"145":1},"f":{"0":1,"1":1,"2":1,"3":6,"4":11,"5":11,"6":1,"7":1,"8":11,"9":47,"10":1,"11":2,"12":8,"13":6,"14":1,"15":3,"16":6,"17":1,"18":6,"19":1,"20":0,"21":68,"22":68,"23":123,"24":68,"25":74,"26":0,"27":8,"28":0,"29":0,"30":68,"31":58,"32":0,"33":8,"34":0,"35":0,"36":68,"37":0,"38":68,"39":0,"40":68,"41":0,"42":68},"b":{"0":[19,19],"1":[19,0],"2":[1,0],"3":[0,1],"4":[3,3],"5":[6,6],"6":[0,11],"7":[0,11],"8":[0,11],"9":[11,0,0],"10":[0,1],"11":[1,0],"12":[1,1],"13":[1,0],"14":[1,0],"15":[11,0],"16":[0,2],"17":[1,1],"18":[2,6],"19":[3,3],"20":[5,1],"21":[1,0],"22":[5,1],"23":[1,0],"24":[37,31],"25":[66,2],"26":[1,1],"27":[0,0],"28":[0,0]},"_coverageSchema":"332fd63041d2c1bcb487cc26dd0d5f7d97098a6c","hash":"e9a32ad9bed4579372d88157bfda9b51aac8aa8c","contentHash":"d13f633e2ba15cdf676b7a0aec37381c_11.3.0"},"C:\\Users\\HelenHen\\Documents\\Tarkvaraprojekt\\src\\containers\\table\\Table.js":{"path":"C:\\Users\\HelenHen\\Documents\\Tarkvaraprojekt\\src\\containers\\table\\Table.js","statementMap":{"0":{"start":{"line":3,"column":0},"end":{"line":5,"column":3}},"1":{"start":{"line":7,"column":19},"end":{"line":7,"column":563}},"2":{"start":{"line":7,"column":76},"end":{"line":7,"column":347}},"3":{"start":{"line":7,"column":134},"end":{"line":7,"column":142}},"4":{"start":{"line":7,"column":144},"end":{"line":7,"column":199}},"5":{"start":{"line":7,"column":200},"end":{"line":7,"column":231}},"6":{"start":{"line":7,"column":232},"end":{"line":7,"column":286}},"7":{"start":{"line":7,"column":259},"end":{"line":7,"column":286}},"8":{"start":{"line":7,"column":287},"end":{"line":7,"column":345}},"9":{"start":{"line":7,"column":350},"end":{"line":7,"column":559}},"10":{"start":{"line":7,"column":407},"end":{"line":7,"column":475}},"11":{"start":{"line":7,"column":423},"end":{"line":7,"column":475}},"12":{"start":{"line":7,"column":476},"end":{"line":7,"column":536}},"13":{"start":{"line":7,"column":493},"end":{"line":7,"column":536}},"14":{"start":{"line":7,"column":537},"end":{"line":7,"column":556}},"15":{"start":{"line":9,"column":13},"end":{"line":9,"column":29}},"16":{"start":{"line":11,"column":14},"end":{"line":11,"column":44}},"17":{"start":{"line":13,"column":17},"end":{"line":13,"column":38}},"18":{"start":{"line":15,"column":18},"end":{"line":15,"column":52}},"19":{"start":{"line":17,"column":13},"end":{"line":17,"column":29}},"20":{"start":{"line":19,"column":14},"end":{"line":19,"column":44}},"21":{"start":{"line":21,"column":18},"end":{"line":21,"column":62}},"22":{"start":{"line":23,"column":19},"end":{"line":23,"column":54}},"23":{"start":{"line":25,"column":15},"end":{"line":25,"column":56}},"24":{"start":{"line":27,"column":16},"end":{"line":27,"column":48}},"25":{"start":{"line":29,"column":39},"end":{"line":29,"column":93}},"26":{"start":{"line":31,"column":50},"end":{"line":31,"column":151}},"27":{"start":{"line":31,"column":92},"end":{"line":31,"column":149}},"28":{"start":{"line":33,"column":50},"end":{"line":33,"column":151}},"29":{"start":{"line":33,"column":63},"end":{"line":33,"column":149}},"30":{"start":{"line":33,"column":152},"end":{"line":33,"column":238}},"31":{"start":{"line":35,"column":43},"end":{"line":35,"column":208}},"32":{"start":{"line":35,"column":106},"end":{"line":35,"column":206}},"33":{"start":{"line":35,"column":209},"end":{"line":35,"column":373}},"34":{"start":{"line":35,"column":374},"end":{"line":35,"column":492}},"35":{"start":{"line":35,"column":390},"end":{"line":35,"column":492}},"36":{"start":{"line":37,"column":16},"end":{"line":150,"column":28}},"37":{"start":{"line":38,"column":2},"end":{"line":38,"column":41}},"38":{"start":{"line":41,"column":4},"end":{"line":41,"column":37}},"39":{"start":{"line":43,"column":16},"end":{"line":43,"column":125}},"40":{"start":{"line":45,"column":4},"end":{"line":47,"column":6}},"41":{"start":{"line":48,"column":4},"end":{"line":48,"column":48}},"42":{"start":{"line":49,"column":4},"end":{"line":49,"column":46}},"43":{"start":{"line":50,"column":4},"end":{"line":50,"column":17}},"44":{"start":{"line":53,"column":2},"end":{"line":147,"column":6}},"45":{"start":{"line":56,"column":21},"end":{"line":56,"column":69}},"46":{"start":{"line":57,"column":6},"end":{"line":57,"column":45}},"47":{"start":{"line":62,"column":21},"end":{"line":62,"column":43}},"48":{"start":{"line":63,"column":6},"end":{"line":63,"column":45}},"49":{"start":{"line":68,"column":19},"end":{"line":68,"column":23}},"50":{"start":{"line":70,"column":6},"end":{"line":145,"column":8}},"51":{"start":{"line":92,"column":24},"end":{"line":92,"column":63}},"52":{"start":{"line":100,"column":24},"end":{"line":100,"column":77}},"53":{"start":{"line":108,"column":24},"end":{"line":108,"column":79}},"54":{"start":{"line":126,"column":24},"end":{"line":126,"column":79}},"55":{"start":{"line":137,"column":18},"end":{"line":137,"column":144}},"56":{"start":{"line":137,"column":50},"end":{"line":137,"column":144}},"57":{"start":{"line":149,"column":2},"end":{"line":149,"column":19}},"58":{"start":{"line":152,"column":0},"end":{"line":157,"column":2}},"59":{"start":{"line":159,"column":0},"end":{"line":159,"column":28}}},"fnMap":{"0":{"name":"(anonymous_0)","decl":{"start":{"line":7,"column":19},"end":{"line":7,"column":20}},"loc":{"start":{"line":7,"column":31},"end":{"line":7,"column":561}},"line":7},"1":{"name":"defineProperties","decl":{"start":{"line":7,"column":42},"end":{"line":7,"column":58}},"loc":{"start":{"line":7,"column":74},"end":{"line":7,"column":349}},"line":7},"2":{"name":"(anonymous_2)","decl":{"start":{"line":7,"column":357},"end":{"line":7,"column":358}},"loc":{"start":{"line":7,"column":405},"end":{"line":7,"column":558}},"line":7},"3":{"name":"_interopRequireDefault","decl":{"start":{"line":29,"column":9},"end":{"line":29,"column":31}},"loc":{"start":{"line":29,"column":37},"end":{"line":29,"column":95}},"line":29},"4":{"name":"_classCallCheck","decl":{"start":{"line":31,"column":9},"end":{"line":31,"column":24}},"loc":{"start":{"line":31,"column":48},"end":{"line":31,"column":153}},"line":31},"5":{"name":"_possibleConstructorReturn","decl":{"start":{"line":33,"column":9},"end":{"line":33,"column":35}},"loc":{"start":{"line":33,"column":48},"end":{"line":33,"column":240}},"line":33},"6":{"name":"_inherits","decl":{"start":{"line":35,"column":9},"end":{"line":35,"column":18}},"loc":{"start":{"line":35,"column":41},"end":{"line":35,"column":494}},"line":35},"7":{"name":"(anonymous_7)","decl":{"start":{"line":37,"column":16},"end":{"line":37,"column":17}},"loc":{"start":{"line":37,"column":44},"end":{"line":150,"column":1}},"line":37},"8":{"name":"TableView","decl":{"start":{"line":40,"column":11},"end":{"line":40,"column":20}},"loc":{"start":{"line":40,"column":28},"end":{"line":51,"column":3}},"line":40},"9":{"name":"showMore","decl":{"start":{"line":55,"column":20},"end":{"line":55,"column":28}},"loc":{"start":{"line":55,"column":32},"end":{"line":58,"column":5}},"line":55},"10":{"name":"showAll","decl":{"start":{"line":61,"column":20},"end":{"line":61,"column":27}},"loc":{"start":{"line":61,"column":31},"end":{"line":64,"column":5}},"line":61},"11":{"name":"render","decl":{"start":{"line":67,"column":20},"end":{"line":67,"column":26}},"loc":{"start":{"line":67,"column":29},"end":{"line":146,"column":5}},"line":67},"12":{"name":
[...]
{"line":94,"column":23},"end":{"line":94,"column":24}},"loc":{"start":{"line":94,"column":51},"end":{"line":139,"column":1}},"line":94},"9":{"name":"TwoLevelPieChart","decl":{"start":{"line":97,"column":11},"end":{"line":97,"column":27}},"loc":{"start":{"line":97,"column":35},"end":{"line":108,"column":3}},"line":97},"10":{"name":"onPieEnter","decl":{"start":{"line":112,"column":20},"end":{"line":112,"column":30}},"loc":{"start":{"line":112,"column":44},"end":{"line":116,"column":5}},"line":112},"11":{"name":"render","decl":{"start":{"line":119,"column":20},"end":{"line":119,"column":26}},"loc":{"start":{"line":119,"column":29},"end":{"line":135,"column":5}},"line":119}},"branchMap":{"0":{"loc":{"start":{"line":7,"column":168},"end":{"line":7,"column":198}},"type":"binary-expr","locations":[{"start":{"line":7,"column":168},"end":{"line":7,"column":189}},{"start":{"line":7,"column":193},"end":{"line":7,"column":198}}],"line":7},"1":{"loc":{"start":{"line":7,"column":232},"end":{"line":7,"column":286}},"type":"if","locations":[{"start":{"line":7,"column":232},"end":{"line":7,"column":286}},{"start":{"line":7,"column":232},"end":{"line":7,"column":286}}],"line":7},"2":{"loc":{"start":{"line":7,"column":407},"end":{"line":7,"column":475}},"type":"if","locations":[{"start":{"line":7,"column":407},"end":{"line":7,"column":475}},{"start":{"line":7,"column":407},"end":{"line":7,"column":475}}],"line":7},"3":{"loc":{"start":{"line":7,"column":476},"end":{"line":7,"column":536}},"type":"if","locations":[{"start":{"line":7,"column":476},"end":{"line":7,"column":536}},{"start":{"line":7,"column":476},"end":{"line":7,"column":536}}],"line":7},"4":{"loc":{"start":{"line":19,"column":46},"end":{"line":19,"column":92}},"type":"cond-expr","locations":[{"start":{"line":19,"column":70},"end":{"line":19,"column":73}},{"start":{"line":19,"column":76},"end":{"line":19,"column":92}}],"line":19},"5":{"loc":{"start":{"line":19,"column":46},"end":{"line":19,"column":67}},"type":"binary-expr","locations":[{"start":{"line":19,"column":46},"end":{"line":19,"column":49}},{"start":{"line":19,"column":53},"end":{"line":19,"column":67}}],"line":19},"6":{"loc":{"start":{"line":21,"column":50},"end":{"line":21,"column":151}},"type":"if","locations":[{"start":{"line":21,"column":50},"end":{"line":21,"column":151}},{"start":{"line":21,"column":50},"end":{"line":21,"column":151}}],"line":21},"7":{"loc":{"start":{"line":23,"column":50},"end":{"line":23,"column":151}},"type":"if","locations":[{"start":{"line":23,"column":50},"end":{"line":23,"column":151}},{"start":{"line":23,"column":50},"end":{"line":23,"column":151}}],"line":23},"8":{"loc":{"start":{"line":23,"column":159},"end":{"line":23,"column":237}},"type":"cond-expr","locations":[{"start":{"line":23,"column":226},"end":{"line":23,"column":230}},{"start":{"line":23,"column":233},"end":{"line":23,"column":237}}],"line":23},"9":{"loc":{"start":{"line":23,"column":159},"end":{"line":23,"column":223}},"type":"binary-expr","locations":[{"start":{"line":23,"column":159},"end":{"line":23,"column":163}},{"start":{"line":23,"column":168},"end":{"line":23,"column":192}},{"start":{"line":23,"column":196},"end":{"line":23,"column":222}}],"line":23},"10":{"loc":{"start":{"line":25,"column":43},"end":{"line":25,"column":208}},"type":"if","locations":[{"start":{"line":25,"column":43},"end":{"line":25,"column":208}},{"start":{"line":25,"column":43},"end":{"line":25,"column":208}}],"line":25},"11":{"loc":{"start":{"line":25,"column":47},"end":{"line":25,"column":102}},"type":"binary-expr","locations":[{"start":{"line":25,"column":47},"end":{"line":25,"column":79}},{"start":{"line":25,"column":83},"end":{"line":25,"column":102}}],"line":25},"12":{"loc":{"start":{"line":25,"column":244},"end":{"line":25,"column":278}},"type":"binary-expr","locations":[{"start":{"line":25,"column":244},"end":{"line":25,"column":254}},{"start":{"line":25,"column":258},"end":{"line":25,"column":278}}],"line":25},"13":{"loc":{"start":{"line":25,"column":374},"end":{"line":25,"column":492}},"type":"if","locations":[{"start":{"line":25,"column":374},"end":{"line":25,"column":492}},{"start":{"line":25,"column":374},"end":{"line":25,"column":492}}],"line":25},"14":{"loc":{"start":{"line":25,"column":390},"end":{"line":25,"column":491}},"type":"cond-expr","locations":[{"start":{"line":25,"column":414},"end":{"line":25,"column":457}},{"start":{"line":25,"column":460},"end":{"line":25,"column":491}}],"line":25},"15":{"loc":{"start":{"line":49,"column":17},"end":{"line":49,"column":34}},"type":"cond-expr","locations":[{"start":{"line":49,"column":28},"end":{"line":49,"column":29}},{"start":{"line":49,"column":32},"end":{"line":49,"column":34}}],"line":49},"16":{"loc":{"start":{"line":51,"column":19},"end":{"line":51,"column":45}},"type":"cond-expr","locations":[{"start":{"line":51,"column":30},"end":{"line":51,"column":37}},{"start":{"line":51,"column":40},"end":{"line":51,"column":45}}],"line":51},"17":{"loc":{"start":{"line":83,"column":17},"end":{"line":83,"column":34}},"type":"cond-expr","locations":[{"start":{"line":83,"column":28},"end":{"line":83,"column":29}},{"start":{"line":83,"column":32},"end":{"line":83,"column":34}}],"line":83},"18":{"loc":{"start":{"line":88,"column":17},"end":{"line":88,"column":34}},"type":"cond-expr","locations":[{"start":{"line":88,"column":28},"end":{"line":88,"column":29}},{"start":{"line":88,"column":32},"end":{"line":88,"column":34}}],"line":88},"19":{"loc":{"start":{"line":100,"column":50},"end":{"line":100,"column":119}},"type":"binary-expr","locations":[{"start":{"line":100,"column":50},"end":{"line":100,"column":76}},{"start":{"line":100,"column":80},"end":{"line":100,"column":119}}],"line":100}},"s":{"0":1,"1":1,"2":1,"3":2,"4":2,"5":2,"6":2,"7":2,"8":2,"9":1,"10":1,"11":1,"12":1,"13":0,"14":1,"15":1,"16":1,"17":1,"18":1,"19":1,"20":2,"21":0,"22":0,"23":0,"24":0,"25":0,"26":1,"27":0,"28":1,"29":1,"30":1,"31":1,"32":0,"33":0,"34":0,"35":0,"36":0,"37":0,"38":0,"39":0,"40":0,"41":0,"42":0,"43":0,"44":0,"45":0,"46":0,"47":0,"48":0,"49":0,"50":0,"51":0,"52":0,"53":0,"54":1,"55":1,"56":0,"57":0,"58":0,"59":0,"60":0,"61":1,"62":0,"63":0,"64":1,"65":1,"66":1},"f":{"0":1,"1":1,"2":1,"3":2,"4":0,"5":0,"6":1,"7":0,"8":1,"9":0,"10":0,"11":0},"b":{"0":[2,2],"1":[2,0],"2":[1,0],"3":[0,1],"4":[0,2],"5":[2,2],"6":[0,0],"7":[0,0],"8":[0,0],"9":[0,0,0],"10":[0,1],"11":[1,0],"12":[1,1],"13":[1,0],"14":[1,0],"15":[0,0],"16":[0,0],"17":[0,0],"18":[0,0],"19":[0,0]},"_coverageSchema":"332fd63041d2c1bcb487cc26dd0d5f7d97098a6c","hash":"7588e0a6ed5acd922fccac1b091ff2f6922ac3ed","contentHash":"30449ee062ee4b86ae4cb9b125b3a81b_11.3.0"},"C:\\Users\\HelenHen\\Documents\\Tarkvaraprojekt\\src\\containers\\statistics\\TwoLevelRadarChart.js":{"path":"C:\\Users\\HelenHen\\Documents\\Tarkvaraprojekt\\src\\containers\\statistics\\TwoLevelRadarChart.js","statementMap":{"0":{"start":{"line":3,"column":0},"end":{"line":5,"column":3}},"1":{"start":{"line":7,"column":19},"end":{"line":7,"column":563}},"2":{"start":{"line":7,"column":76},"end":{"line":7,"column":347}},"3":{"start":{"line":7,"column":134},"end":{"line":7,"column":142}},"4":{"start":{"line":7,"column":144},"end":{"line":7,"column":199}},"5":{"start":{"line":7,"column":200},"end":{"line":7,"column":231}},"6":{"start":{"line":7,"column":232},"end":{"line":7,"column":286}},"7":{"start":{"line":7,"column":259},"end":{"line":7,"column":286}},"8":{"start":{"line":7,"column":287},"end":{"line":7,"column":345}},"9":{"start":{"line":7,"column":350},"end":{"line":7,"column":559}},"10":{"start":{"line":7,"column":407},"end":{"line":7,"column":475}},"11":{"start":{"line":7,"column":423},"end":{"line":7,"column":475}},"12":{"start":{"line":7,"column":476},"end":{"line":7,"column":536}},"13":{"start":{"line":7,"column":493},"end":{"line":7,"column":536}},"14":{"start":{"line":7,"column":537},"end":{"line":7,"column":556}},"15":{"start":{"line":9,"column":13},"end":{"line":9,"column":29}},"16":{"start":{"line":11,"column":14},"end":{"line":11,"column":44}},"17":{"start":{"line":13,"column":17},"end":{"line":13,"column":38}},"18":{"start":{"line":15,"column":18},"end":{"line":15,"column":52}},"19":{"start":{"line":17,"column":16},"end":{"line":17,"column":35}},"20":{"start":{"line":19,"column":39},"end":{"line":19,"column":93}},"21":{"start":{"line":21,"column":50},"end":{"line":21,"column":151}},"22":{"start":{"line":21,"column":92},"end":{"line":21,"column":149}},"23":{"start":{"line":23,"column":50},"end":{"line":23,"column":151}},"24":{"start":{"line":23,"column":63},"end":{"line":23,"column":149}},"25":{"start":{"line":23,"column":152},"end":{"line":23,"column":238}},"26":{"start":{"line":25,"column":43},"end":{"line":25,"column":208}},"27":{"start":{"line":25,"column":106},"end":{"line":25,"column":206}},"28":{"start":{"line":25,"column":209},"end":{"line":25,"column":373}},"29":{"start":{"line":25,"column":374},"end":{"line":25,"column":492}},"30":{"start":{"line":25,"column":390},"end":{"line":25,"column":492}},"31":{"start":{"line":27,"column":25},"end":{"line":53,"column":28}},"32":{"start":{"line":28,"column":2},"end":{"line":28,"column":50}},"33":{"start":{"line":31,"column":4},"end":{"line":31,"column":46}},"34":{"start":{"line":33,"column":4},"end":{"line":33,"column":144}},"35":{"start":{"line":36,"column":2},"end":{"line":50,"column":6}},"36":{"start":{"line":39,"column":6},"end":{"line":48,"column":8}},"37":{"start":{"line":52,"column":2},"end":{"line":52,"column":28}},"38":{"start":{"line":55,"column":0},"end":{"line":57,"column":2}},"39":{"start":{"line":59,"column":0},"end":{"line":59,"column":37}}},"fnMap":{"0":{"name":"(anonymous_0)","decl":{"start":{"line":7,"column":19},"end":{"line":7,"column":20}},"loc":{"start":{"line":7,"column":31},"end":{"line":7,"column":561}},"line":7},"1":{"name":"defineProperties","decl":{"start":{"line":7,"column":42},"end":{"line":7,"column":58}},"loc":{"start":{"line":7,"column":74},"end":{"line":7,"column":349}},"line":7},"2":{"name":"(anonymous_2)","decl":{"start":{"line":7,"column":357},"end":{"line":7,"column":358}},"loc":{"start":{"line":7,"column":405},"end":{"line":7,"column":558}},"line":7},"3":{"name":"_interopRequireDefault","decl":{"start":{"line":19,"column":9},"end":{"line":19,"column":31}},"loc":{"start":{"line":19,"column":37},"end":{"line":19,"column":95}},"line":19},"4":{"name":"_classCallCheck","decl":{"start":{"line":21,"column":9},"end":{"line":21,"column":24}},"loc":{"start":{"line":21,"column":48},"end":{"line":21,"column":153}},"line":21},"5":{"name":"_possibleConstructorReturn","decl":{"start":{"line":23,"column":9},"end":{"line":23,"column":35}},"loc":{"start":{"line":23,"column":48},"end":{"line":23,"column":240}},"line":23},"6":{"name":"_inherits","decl":{"start":{"line":25,"column":9},"end":{"line":25,"column":18}},"loc":{"start":{"line":25,"column":41},"end":{"line":25,"column":494}},"line":25},"7":{"name":"(anonymous_7)","decl":{"start":{"line":27,"column":25},"end":{"line":27,"column":26}},"loc":{"start":{"line":27,"column":53},"end":{"line":53,"column":1}},"line":27},"8":{"name":"TwoLevelRadarChart","decl":{"start":{"line":30,"column":11},"end":{"line":30,"column":29}},"loc":{"start":{"line":30,"column":32},"end":{"line":34,"column":3}},"line":30},"9":{"name":"render","decl":{"start":{"line":38,"column":20},"end":{"line":38,"column":26}},"loc":{"start":{"line":38,"column":29},"end":{"line":49,"column":5}},"line":38}},"branchMap":{"0":{"loc":{"start":{"line":7,"column":168},"end":{"line":7,"column":198}},"type":"binary-expr","locations":[{"start":{"line":7,"column":168},"end":{"line":7,"column":189}},{"start":{"line":7,"column":193},"end":{"line":7,"column":198}}],"line":7},"1":{"loc":{"start":{"line":7,"column":232},"end":{"line":7,"column":286}},"type":"if","locations":[{"start":{"line":7,"column":232},"end":{"line":7,"column":286}},{"start":{"line":7,"column":232},"end":{"line":7,"column":286}}],"line":7},"2":{"loc":{"start":{"line":7,"column":407},"end":{"line":7,"column":475}},"type":"if","locations":[{"start":{"line":7,"column":407},"end":{"line":7,"column":475}},{"start":{"line":7,"column":407},"end":{"line":7,"column":475}}],"line":7},"3":{"loc":{"start":{"line":7,"column":476},"end":{"line":7,"column":536}},"type":"if","locations":[{"start":{"line":7,"column":476},"end":{"line":7,"column":536}},{"start":{"line":7,"column":476},"end":{"line":7,"column":536}}],"line":7},"4":{"loc":{"start":{"line":19,"column":46},"end":{"line":19,"column":92}},"type":"cond-expr","locations":[{"start":{"line":19,"column":70},"end":{"line":19,"column":73}},{"start":{"line":19,"column":76},"end":{"line":19,"column":92}}],"line":19},"5":{"loc":{"start":{"line":19,"column":46},"end":{"line":19,"column":67}},"type":"binary-expr","locations":[{"start":{"line":19,"column":46},"end":{"line":19,"column":49}},{"start":{"line":19,"column":53},"end":{"line":19,"column":67}}],"line":19},"6":{"loc":{"start":{"line":21,"column":50},"end":{"line":21,"column":151}},"type":"if","locations":[{"start":{"line":21,"column":50},"end":{"line":21,"column":151}},{"start":{"line":21,"column":50},"end":{"line":21,"column":151}}],"line":21},"7":{"loc":{"start":{"line":23,"column":50},"end":{"line":23,"column":151}},"type":"if","locations":[{"start":{"line":23,"column":50},"end":{"line":23,"column":151}},{"start":{"line":23,"column":50},"end":{"line":23,"column":151}}],"line":23},"8":{"loc":{"start":{"line":23,"column":159},"end":{"line":23,"column":237}},"type":"cond-expr","locations":[{"start":{"line":23,"column":226},"end":{"line":23,"column":230}},{"start":{"line":23,"column":233},"end":{"line":23,"column":237}}],"line":23},"9":{"loc":{"start":{"line":23,"column":159},"end":{"line":23,"column":223}},"type":"binary-expr","locations":[{"start":{"line":23,"column":159},"end":{"line":23,"column":163}},{"start":{"line":23,"column":168},"end":{"line":23,"column":192}},{"start":{"line":23,"column":196},"end":{"line":23,"column":222}}],"line":23},"10":{"loc":{"start":{"line":25,"column":43},"end":{"line":25,"column":208}},"type":"if","locations":[{"start":{"line":25,"column":43},"end":{"line":25,"column":208}},{"start":{"line":25,"column":43},"end":{"line":25,"column":208}}],"line":25},"11":{"loc":{"start":{"line":25,"column":47},"end":{"line":25,"column":102}},"type":"binary-expr","locations":[{"start":{"line":25,"column":47},"end":{"line":25,"column":79}},{"start":{"line":25,"column":83},"end":{"line":25,"column":102}}],"line":25},"12":{"loc":{"start":{"line":25,"column":244},"end":{"line":25,"column":278}},"type":"binary-expr","locations":[{"start":{"line":25,"column":244},"end":{"line":25,"column":254}},{"start":{"line":25,"column":258},"end":{"line":25,"column":278}}],"line":25},"13":{"loc":{"start":{"line":25,"column":374},"end":{"line":25,"column":492}},"type":"if","locations":[{"start":{"line":25,"column":374},"end":{"line":25,"column":492}},{"start":{"line":25,"column":374},"end":{"line":25,"column":492}}],"line":25},"14":{"loc":{"start":{"line":25,"column":390},"end":{"line":25,"column":491}},"type":"cond-expr","locations":[{"start":{"line":25,"column":414},"end":{"line":25,"column":457}},{"start":{"line":25,"column":460},"end":{"line":25,"column":491}}],"line":25},"15":{"loc":{"start":{"line":33,"column":45},"end":{"line":33,"column":118}},"type":"binary-expr","locations":[{"start":{"line":33,"column":45},"end":{"line":33,"column":73}},{"start":{"line":33,"column":77},"end":{"line":33,"column":118}}],"line":33}},"s":{"0":1,"1":1,"2":1,"3":1,"4":1,"5":1,"6":1,"7":1,"8":1,"9":1,"10":1,"11":1,"12":1,"13":0,"14":1,"15":1,"16":1,"17":1,"18":1,"19":1,"20":2,"21":0,"22":0,"23":0,"24":0,"25":0,"26":1,"27":0,"28":1,"29":1,"30":1,"31":1,"32":1,"33":0,"34":0,"35":1,"36":0,"37":1,"38":1,"39":1},"f":{"0":1,"1":1,"2":1,"3":2,"4":0,"5":0,"6":1,"7":1,"8":0,"9":0},"b":{"0":[1,1],"1":[1,0],"2":[1,0],"3":[0,1],"4":[0,2],"5":[2,2],"6":[0,0],"7":[0,0],"8":[0,0],"9":[0,0,0],"10":[0,1],"11":[1,0],"12":[1,1],"13":[1,0],"14":[1,0],"15":[0,0]},"_coverageSchema":"332fd63041d2c1bcb487cc26dd0d5f7d97098a6c","hash":"51d3124f2ad7fad7a411fcc3ca5753dea8c110b0","contentHash":"36b9bc3d7c621190734b1e43c028517e_11.3.0"},"C:\\Users\\HelenHen\\Documents\\Tarkvaraprojekt\\src\\containers\\util\\UniqueTagsAndStages.js":{"path":"C:\\Users\\HelenHen\\Documents\\Tarkvaraprojekt\\src\\containers\\util\\UniqueTagsAndStages.js","statementMap":{"0":{"start":{"line":3,"column":0},"end":{"line":5,"column":3}},"1":{"start":{"line":6,"column":0},"end":{"line":6,"column":48}},"2":{"start":{"line":8,"column":13},"end":{"line":8,"column":29}},"3":{"start":{"line":10,"column":14},"end":{"line":10,"column":44}},"4":{"start":{"line":12,"column":39},"end":{"line":12,"column":93}},"5":{"start":{"line":14,"column":14},"end":{"line":21,"column":1}},"6":{"start":{"line":15,"column":16},"end":{"line":19,"column":5}},"7":{"start":{"line":16,"column":4},"end":{"line":18,"column":5}},"8":{"start":{"line":17,"column":6},"end":{"line":17,"column":23}},"9":{"start":{"line":20,"column":2},"end":{"line":20,"column":55}},"10":{"start":{"line":23,"column":16},"end":{"line":39,"column":1}},"11":{"start":{"line":24,"column":17},"end":{"line":24,"column":26}},"12":{"start":{"line":25,"column":2},"end":{"line":29,"column":5}},"13":{"start":{"line":26,"column":4},"end":{"line":28,"column":5}},"14":{"start":{"line":27,"column":6},"end":{"line":27,"column":59}},"15":{"start":{"line":31,"column":24},"end":{"line":31,"column":58}},"16":{"start":{"line":32,"column":23},"end":{"line":32,"column":32}},"17":{"start":{"line":34,"column":2},"end":{"line":36,"column":3}},"18":{"start":{"line":35,"column":4},"end":{"line":35,"column":64}},"19":{"start":{"line":38,"column":2},"end":{"line":38,"column":24}}},"fnMap":{"0":{"name":"_interopRequireDefault","decl":{"start":{"line":12,"column":9},"end":{"line":12,"column":31}},"loc":{"start":{"line":12,"column":37},"end":{"line":12,"column":95}},"line":12},"1":{"name":"getTags","decl":{"start":{"line":14,"column":41},"end":{"line":14,"column":48}},"loc":{"start":{"line":14,"column":55},"end":{"line":21,"column":1}},"line":14},"2":{"name":"(anonymous_2)","decl":{"start":{"line":15,"column":49},"end":{"line":15,"column":50}},"loc":{"start":{"line":15,"column":65},"end":{"line":19,"column":3}},"line":15},"3":{"name":"getStages","decl":{"start":{"line":23,"column":45},"end":{"line":23,"column":54}},"loc":{"start":{"line":23,"column":61},"end":{"line":39,"column":1}},"line":23},"4":{"name":"(anonymous_4)","decl":{"start":{"line":25,"column":15},"end":{"line":25,"column":16}},"loc":{"start":{"line":25,"column":31},"end":{"line":29,"column":3}},"line":25}},"branchMap":{"0":{"loc":{"start":{"line":12,"column":46},"end":{"line":12,"column":92}},"type":"cond-expr","locations":[{"start":{"line":12,"column":70},"end":{"line":12,"column":73}},{"start":{"line":12,"column":76},"end":{"line":12,"column":92}}],"line":12},"1":{"loc":{"start":{"line":12,"column":46},"end":{"line":12,"column":67}},"type":"binary-expr","locations":[{"start":{"line":12,"column":46},"end":{"line":12,"column":49}},{"start":{"line":12,"column":53},"end":{"line":12,"column":67}}],"line":12},"2":{"loc":{"start":{"line":16,"column":4},"end":{"line":18,"column":5}},"type":"if","locations":[{"start":{"line":16,"column":4},"end":{"line":18,"column":5}},{"start":{"line":16,"column":4},"end":{"line":18,"column":5}}],"line":16},"3":{"loc":{"start":{"line":26,"column":4},"end":{"line":28,"column":5}},"type":"if","locations":[{"start":{"line":26,"column":4},"end":{"line":28,"column":5}},{"start":{"line":26,"column":4},"end":{"line":28,"column":5}}],"line":26}},"s":{"0":1,"1":1,"2":1,"3":1,"4":1,"5":1,"6":2,"7":3,"8":2,"9":2,"10":1,"11":1,"12":1,"13":8,"14":7,"15":1,"16":1,"17":1,"18":6,"19":1},"f":{"0":1,"1":2,"2":3,"3":1,"4":8},"b":{"0":[0,1],"1":[1,1],"2":[2,1],"3":[7,1]},"_coverageSchema":"332fd63041d2c1bcb487cc26dd0d5f7d97098a6c","hash":"94a10026751535c1b96fd279fd792328095fe16c","contentHash":"81be545e016f61bb308189b91be9e37d_11.3.0"}}